#
# A fatal error has been detected by the Java Runtime Environment:
#
#  SIGSEGV (0xb) at pc=0x00007fff99bfe4dd, pid=2309, tid=2571
#
# JRE version: Java(TM) SE Runtime Environment (8.0_65-b17) (build 1.8.0_65-b17)
# Java VM: Java HotSpot(TM) 64-Bit Server VM (25.65-b01 mixed mode bsd-amd64 compressed oops)
# Problematic frame:
# C  [libobjc.A.dylib+0x14dd]  objc_msgSend+0x1d
#
# Failed to write core dump. Core dumps have been disabled. To enable core dumping, try "ulimit -c unlimited" before starting Java again
#
# If you would like to submit a bug report, please visit:
#   http://bugreport.java.com/bugreport/crash.jsp
# The crash happened outside the Java Virtual Machine in native code.
# See problematic frame for where to report the bug.
#

---------------  T H R E A D  ---------------

Current thread (0x00007fac6325c000):  JavaThread "AWT-AppKit" daemon [_thread_in_native, id=2571, stack(0x00007fff5370e000,0x00007fff53f0e000)]

siginfo: si_signo: 11 (SIGSEGV), si_code: 1 (SEGV_MAPERR), si_addr: 0x0000000000000018

Registers:
RAX=0x00007fac65a1c850, RBX=0x0000000124ec0450, RCX=0x0000000124ddc320, RDX=0x0000000124ddcc00
RSP=0x00007fff53f09468, RBP=0x00007fff53f09520, RSI=0x00007fff8b80ed0e, RDI=0x00007fac659547a0
R8 =0x0000000000000000, R9 =0x00000000000008c0, R10=0x00007fff8b80ed0e, R11=0x0000000000000000
R12=0x0000000000000000, R13=0x0000000186ccbc60, R14=0x0000000124ec0440, R15=0x00007fac6325c000
RIP=0x00007fff99bfe4dd, EFLAGS=0x0000000000010246, ERR=0x0000000000000004
  TRAPNO=0x000000000000000e

Top of Stack: (sp=0x00007fff53f09468)
0x00007fff53f09468:   0000000124ebe157 00007fff53f094c0
0x00007fff53f09478:   0000000000000003 00007fff53f094a0
0x00007fff53f09488:   000000010c15f9a6 0000000186ccbc60
0x00007fff53f09498:   0000000186ccbc60 00007fac65a1c850
0x00007fff53f094a8:   0000000124ec06a0 0000000124ec0710
0x00007fff53f094b8:   00007fff7ae1f770 00007fff7c3dc500
0x00007fff53f094c8:   0000000124ec0450 0000000124ec0690
0x00007fff53f094d8:   00007fac65a1c850 00007fac659547a0
0x00007fff53f094e8:   00007fac656cdce0 00007fac65a1c850
0x00007fff53f094f8:   00007fac659547a0 00007fff53f095a8
0x00007fff53f09508:   00007fac6325c1f8 0000000186ccbc60
0x00007fff53f09518:   00007fff53f095d0 00007fff53f09598
0x00007fff53f09528:   000000010d4134d4 0000000186ccbc60
0x00007fff53f09538:   00007fff53f095d0 00007fff53f09598
0x00007fff53f09548:   000000010d413267 000000010d413222
0x00007fff53f09558:   00007fff53f09558 0000000186ccbc60
0x00007fff53f09568:   00007fff53f095d0 0000000186cce898
0x00007fff53f09578:   0000000000000000 0000000186ccbc60
0x00007fff53f09588:   0000000000000000 00007fff53f095b8
0x00007fff53f09598:   00007fff53f09618 000000010d40798d
0x00007fff53f095a8:   00000007403771e8 000000010d40f2b8
0x00007fff53f095b8:   00007fac65a1c850 00007fff53f09618
0x00007fff53f095c8:   00007fac659547a0 000000010d410ac2
0x00007fff53f095d8:   00007fff53f095d8 0000000186ccbe2a
0x00007fff53f095e8:   00007fff53f09640 0000000186cce898
0x00007fff53f095f8:   0000000000000000 0000000186ccbe38
0x00007fff53f09608:   00007fff53f095b8 00007fff53f09628
0x00007fff53f09618:   00007fff53f09688 000000010d40798d
0x00007fff53f09628:   00007fac65a1c850 000000074086c350
0x00007fff53f09638:   00007fac659547a0 000000074086c350
0x00007fff53f09648:   00007fff53f09648 00000001882199ee
0x00007fff53f09658:   00007fff53f09698 0000000188219aa8 

Instructions: (pc=0x00007fff99bfe4dd)
0x00007fff99bfe4bd:   44 00 00 48 85 ff 2e 74 62 40 f6 c7 01 2e 75 66
0x00007fff99bfe4cd:   49 bb f8 ff ff ff ff 7f 00 00 4c 23 1f 49 89 f2
0x00007fff99bfe4dd:   45 23 53 18 49 c1 e2 04 4d 03 53 10 49 3b 32 75
0x00007fff99bfe4ed:   04 41 ff 62 08 49 83 3a 01 76 0d 49 83 c2 10 49 

Register to memory mapping:

RAX=0x00007fac65a1c850 is an unknown value
RBX=0x0000000124ec0450: Java_jogamp_nativewindow_macosx_OSXUtil_GetScreenRefreshRate0+0x1cf0 in /private/var/folders/hv/42cns_pd3rngtnlglvbsk1kh0000gn/T/jogamp_0000/file_cache/jln8539311729593523255/jln2570951214440515901/libnativewindow_macosx.jnilib at 0x0000000124eb9000
RCX=0x0000000124ddc320 is an unknown value
RDX=0x0000000124ddcc00 is an unknown value
RSP=0x00007fff53f09468 is pointing into the stack for thread: 0x00007fac6325c000
RBP=0x00007fff53f09520 is pointing into the stack for thread: 0x00007fac6325c000
RSI=0x00007fff8b80ed0e is an unknown value
RDI=0x00007fac659547a0 is an unknown value
R8 =0x0000000000000000 is an unknown value
R9 =0x00000000000008c0 is an unknown value
R10=0x00007fff8b80ed0e is an unknown value
R11=0x0000000000000000 is an unknown value
R12=0x0000000000000000 is an unknown value
R13={method} {0x0000000186ccbc60} 'UnsetJAWTRootSurfaceLayer0' '(JJ)V' in 'jogamp/nativewindow/jawt/macosx/MacOSXJAWTWindow'
R14=0x0000000124ec0440: Java_jogamp_nativewindow_macosx_OSXUtil_GetScreenRefreshRate0+0x1ce0 in /private/var/folders/hv/42cns_pd3rngtnlglvbsk1kh0000gn/T/jogamp_0000/file_cache/jln8539311729593523255/jln2570951214440515901/libnativewindow_macosx.jnilib at 0x0000000124eb9000
R15=0x00007fac6325c000 is a thread


Stack: [0x00007fff5370e000,0x00007fff53f0e000],  sp=0x00007fff53f09468,  free space=8173k
Native frames: (J=compiled Java code, j=interpreted, Vv=VM code, C=native code)
C  [libobjc.A.dylib+0x14dd]  objc_msgSend+0x1d
j  jogamp.nativewindow.jawt.macosx.MacOSXJAWTWindow.UnsetJAWTRootSurfaceLayer0(JJ)V+0
j  jogamp.nativewindow.jawt.macosx.MacOSXJAWTWindow.access$200(JJ)V+2
j  jogamp.nativewindow.jawt.macosx.MacOSXJAWTWindow$1.run()V+38
j  com.jogamp.common.util.RunnableTask.run()V+24
v  ~StubRoutines::call_stub
V  [libjvm.dylib+0x2eab02]  JavaCalls::call_helper(JavaValue*, methodHandle*, JavaCallArguments*, Thread*)+0x6ae
V  [libjvm.dylib+0x321bab]  jni_invoke_nonstatic(JNIEnv_*, JavaValue*, _jobject*, JNICallType, _jmethodID*, JNI_ArgumentPusher*, Thread*)+0x2ec
V  [libjvm.dylib+0x31437f]  jni_CallVoidMethod+0x16b
C  [libnativewindow_macosx.jnilib+0x5326]  Java_jogamp_nativewindow_jawt_macosx_MacOSXJAWTWindow_UnsetJAWTRootSurfaceLayer0+0x2b6
C  [Foundation+0x8dd4b]  __NSThreadPerformPerform+0x117
C  [CoreFoundation+0x7e5c1]  __CFRUNLOOP_IS_CALLING_OUT_TO_A_SOURCE0_PERFORM_FUNCTION__+0x11
C  [CoreFoundation+0x70397]  __CFRunLoopDoSources0+0x1a7
C  [CoreFoundation+0x6f93f]  __CFRunLoopRun+0x39f
C  [CoreFoundation+0x6f338]  CFRunLoopRunSpecific+0x128
C  [HIToolbox+0x30935]  RunCurrentEventLoopInMode+0xeb
C  [HIToolbox+0x30677]  ReceiveNextEventCommon+0xb8
C  [HIToolbox+0x305af]  _BlockUntilNextEventMatchingListInModeWithFilter+0x47
C  [AppKit+0x8a0ee]  _DPSNextEvent+0x42b
C  [AppKit+0x456943]  -[NSApplication _nextEventMatchingEventMask:untilDate:inMode:dequeue:]+0x1c6
C  [libosxapp.dylib+0x23aa]  -[NSApplicationAWT nextEventMatchingMask:untilDate:inMode:dequeue:]+0x7c
C  [AppKit+0x7ffc8]  -[NSApplication run]+0x2aa
C  [libosxapp.dylib+0x214d]  +[NSApplicationAWT runAWTLoopWithApp:]+0x9c
C  [libawt_lwawt.dylib+0x44517]  -[AWTStarter starter:]+0x389
C  [Foundation+0x8dd4b]  __NSThreadPerformPerform+0x117
C  [CoreFoundation+0x7e5c1]  __CFRUNLOOP_IS_CALLING_OUT_TO_A_SOURCE0_PERFORM_FUNCTION__+0x11
C  [CoreFoundation+0x7041c]  __CFRunLoopDoSources0+0x22c
C  [CoreFoundation+0x6f93f]  __CFRunLoopRun+0x39f
C  [CoreFoundation+0x6f338]  CFRunLoopRunSpecific+0x128
C  [java+0x6463]  CreateExecutionEnvironment+0x367
C  [java+0x21ac]  JLI_Launch+0x7a0
C  [java+0x84c0]  main+0x65
C  [java+0x1a04]  start+0x34
C  0x0000000000000007

Java frames: (J=compiled Java code, j=interpreted, Vv=VM code)
j  jogamp.nativewindow.jawt.macosx.MacOSXJAWTWindow.UnsetJAWTRootSurfaceLayer0(JJ)V+0
j  jogamp.nativewindow.jawt.macosx.MacOSXJAWTWindow.access$200(JJ)V+2
j  jogamp.nativewindow.jawt.macosx.MacOSXJAWTWindow$1.run()V+38
j  com.jogamp.common.util.RunnableTask.run()V+24
v  ~StubRoutines::call_stub

---------------  P R O C E S S  ---------------

Java Threads: ( => current thread )
  0x00007fac63142800 JavaThread "Thread-48" [_thread_blocked, id=22551, stack(0x0000700000d41000,0x0000700000e41000)]
  0x00007fac63e5a800 JavaThread "AWT-EventQueue-1" [_thread_in_native, id=57363, stack(0x00007000015e2000,0x00007000016e2000)]
  0x00007fac6300e800 JavaThread "DestroyJavaVM" [_thread_blocked, id=4099, stack(0x0000700000084000,0x0000700000184000)]
  0x00007fac63420800 JavaThread "AWT-EventQueue-0" [_thread_blocked, id=55043, stack(0x00007000013dc000,0x00007000014dc000)]
  0x00007fac63375000 JavaThread "Java2D Disposer" daemon [_thread_blocked, id=51715, stack(0x0000700001153000,0x0000700001253000)]
  0x00007fac639e8000 JavaThread "Java2D Queue Flusher" daemon [_thread_blocked, id=48647, stack(0x0000700001050000,0x0000700001150000)]
  0x00007fac632e5800 JavaThread "AWT-Shutdown" [_thread_blocked, id=29199, stack(0x0000700000eca000,0x0000700000fca000)]
=>0x00007fac6325c000 JavaThread "AWT-AppKit" daemon [_thread_in_native, id=2571, stack(0x00007fff5370e000,0x00007fff53f0e000)]
  0x00007fac63825800 JavaThread "Service Thread" daemon [_thread_blocked, id=17155, stack(0x0000700000b3b000,0x0000700000c3b000)]
  0x00007fac63829800 JavaThread "C1 CompilerThread1" daemon [_thread_blocked, id=16643, stack(0x0000700000a38000,0x0000700000b38000)]
  0x00007fac63818000 JavaThread "C2 CompilerThread0" daemon [_thread_blocked, id=16131, stack(0x0000700000935000,0x0000700000a35000)]
  0x00007fac630a5000 JavaThread "Signal Dispatcher" daemon [_thread_blocked, id=15623, stack(0x0000700000832000,0x0000700000932000)]
  0x00007fac6306e000 JavaThread "Finalizer" daemon [_thread_blocked, id=11779, stack(0x0000700000629000,0x0000700000729000)]
  0x00007fac63809800 JavaThread "Reference Handler" daemon [_thread_blocked, id=11267, stack(0x0000700000526000,0x0000700000626000)]

Other Threads:
  0x00007fac63807000 VMThread [stack: 0x0000700000423000,0x0000700000523000] [id=10755]
  0x00007fac63826000 WatcherThread [stack: 0x0000700000c3e000,0x0000700000d3e000] [id=17667]

VM state:not at safepoint (normal execution)

VM Mutex/Monitor currently owned by a thread: None

Heap:
 PSYoungGen      total 117248K, used 96687K [0x0000000795580000, 0x000000079db00000, 0x00000007c0000000)
  eden space 105984K, 91% used [0x0000000795580000,0x000000079b3e3f58,0x000000079bd00000)
  from space 11264K, 0% used [0x000000079d000000,0x000000079d008000,0x000000079db00000)
  to   space 15360K, 0% used [0x000000079bd00000,0x000000079bd00000,0x000000079cc00000)
 ParOldGen       total 87552K, used 23182K [0x0000000740000000, 0x0000000745580000, 0x0000000795580000)
  object space 87552K, 26% used [0x0000000740000000,0x00000007416a3868,0x0000000745580000)
 Metaspace       used 19095K, capacity 19303K, committed 19456K, reserved 1067008K
  class space    used 1869K, capacity 1950K, committed 2048K, reserved 1048576K

Card table byte_map: [0x000000011c7c0000,0x000000011cbc1000] byte_map_base: 0x0000000118dc0000

Marking Bits: (ParMarkBitMap*) 0x000000010c84ce20
 Begin Bits: [0x000000011ce6c000, 0x000000011ee6c000)
 End Bits:   [0x000000011ee6c000, 0x0000000120e6c000)

Polling page: 0x000000010cf3a000

CodeCache: size=245760Kb used=7644Kb max_used=7677Kb free=238116Kb
 bounds [0x000000010d400000, 0x000000010dba0000, 0x000000011c400000]
 total_blobs=3001 nmethods=2130 adapters=787
 compilation: enabled

Compilation events (10 events):
Event: 255.833 Thread 0x00007fac63829800 nmethod 2323 0x000000010d7cfc50 code [0x000000010d7cff40, 0x000000010d7d1648]
Event: 255.833 Thread 0x00007fac63829800 2325       3       java.awt.GraphicsEnvironment::isHeadless (4 bytes)
Event: 255.835 Thread 0x00007fac63829800 nmethod 2325 0x000000010d574550 code [0x000000010d574700, 0x000000010d574c28]
Event: 255.835 Thread 0x00007fac63829800 2326       3       java.awt.GraphicsEnvironment::getHeadlessProperty (22 bytes)
Event: 255.836 Thread 0x00007fac63829800 nmethod 2326 0x000000010db58b10 code [0x000000010db58ca0, 0x000000010db59168]
Event: 255.836 Thread 0x00007fac63829800 2327       3       java.util.IdentityHashMap::maskNull (12 bytes)
Event: 255.836 Thread 0x00007fac63829800 nmethod 2327 0x000000010d5f1c50 code [0x000000010d5f1dc0, 0x000000010d5f1f50]
Event: 255.840 Thread 0x00007fac63818000 nmethod 2322 0x000000010d5c4c10 code [0x000000010d5c4d80, 0x000000010d5c54f8]
Event: 255.840 Thread 0x00007fac63818000 2324       4       com.jogamp.nativewindow.awt.AWTGraphicsConfiguration::getNativeGraphicsConfiguration (17 bytes)
Event: 255.841 Thread 0x00007fac63818000 nmethod 2324 0x000000010d5e9310 code [0x000000010d5e9460, 0x000000010d5e94f8]

GC Heap History (10 events):
Event: 100.714 GC heap before
{Heap before GC invocations=8 (full 0):
 PSYoungGen      total 131072K, used 130944K [0x0000000795580000, 0x000000079ef80000, 0x00000007c0000000)
  eden space 128000K, 100% used [0x0000000795580000,0x000000079d280000,0x000000079d280000)
  from space 3072K, 95% used [0x000000079d780000,0x000000079da600b0,0x000000079da80000)
  to   space 14848K, 0% used [0x000000079e100000,0x000000079e100000,0x000000079ef80000)
 ParOldGen       total 87552K, used 20221K [0x0000000740000000, 0x0000000745580000, 0x0000000795580000)
  object space 87552K, 23% used [0x0000000740000000,0x00000007413bf7b8,0x0000000745580000)
 Metaspace       used 19051K, capacity 19267K, committed 19328K, reserved 1067008K
  class space    used 1861K, capacity 1918K, committed 1920K, reserved 1048576K
Event: 100.719 GC heap after
Heap after GC invocations=8 (full 0):
 PSYoungGen      total 134656K, used 96K [0x0000000795580000, 0x000000079ec00000, 0x00000007c0000000)
  eden space 123392K, 0% used [0x0000000795580000,0x0000000795580000,0x000000079ce00000)
  from space 11264K, 0% used [0x000000079e100000,0x000000079e118000,0x000000079ec00000)
  to   space 15360K, 0% used [0x000000079ce00000,0x000000079ce00000,0x000000079dd00000)
 ParOldGen       total 87552K, used 23086K [0x0000000740000000, 0x0000000745580000, 0x0000000795580000)
  object space 87552K, 26% used [0x0000000740000000,0x000000074168b868,0x0000000745580000)
 Metaspace       used 19051K, capacity 19267K, committed 19328K, reserved 1067008K
  class space    used 1861K, capacity 1918K, committed 1920K, reserved 1048576K
}
Event: 132.124 GC heap before
{Heap before GC invocations=9 (full 0):
 PSYoungGen      total 134656K, used 123488K [0x0000000795580000, 0x000000079ec00000, 0x00000007c0000000)
  eden space 123392K, 100% used [0x0000000795580000,0x000000079ce00000,0x000000079ce00000)
  from space 11264K, 0% used [0x000000079e100000,0x000000079e118000,0x000000079ec00000)
  to   space 15360K, 0% used [0x000000079ce00000,0x000000079ce00000,0x000000079dd00000)
 ParOldGen       total 87552K, used 23086K [0x0000000740000000, 0x0000000745580000, 0x0000000795580000)
  object space 87552K, 26% used [0x0000000740000000,0x000000074168b868,0x0000000745580000)
 Metaspace       used 19051K, capacity 19267K, committed 19328K, reserved 1067008K
  class space    used 1861K, capacity 1918K, committed 1920K, reserved 1048576K
Event: 132.126 GC heap after
Heap after GC invocations=9 (full 0):
 PSYoungGen      total 119296K, used 64K [0x0000000795580000, 0x000000079e880000, 0x00000007c0000000)
  eden space 118784K, 0% used [0x0000000795580000,0x0000000795580000,0x000000079c980000)
  from space 512K, 12% used [0x000000079ce00000,0x000000079ce10000,0x000000079ce80000)
  to   space 15872K, 0% used [0x000000079d900000,0x000000079d900000,0x000000079e880000)
 ParOldGen       total 87552K, used 23134K [0x0000000740000000, 0x0000000745580000, 0x0000000795580000)
  object space 87552K, 26% used [0x0000000740000000,0x0000000741697868,0x0000000745580000)
 Metaspace       used 19051K, capacity 19267K, committed 19328K, reserved 1067008K
  class space    used 1861K, capacity 1918K, committed 1920K, reserved 1048576K
}
Event: 164.791 GC heap before
{Heap before GC invocations=10 (full 0):
 PSYoungGen      total 119296K, used 118848K [0x0000000795580000, 0x000000079e880000, 0x00000007c0000000)
  eden space 118784K, 100% used [0x0000000795580000,0x000000079c980000,0x000000079c980000)
  from space 512K, 12% used [0x000000079ce00000,0x000000079ce10000,0x000000079ce80000)
  to   space 15872K, 0% used [0x000000079d900000,0x000000079d900000,0x000000079e880000)
 ParOldGen       total 87552K, used 23134K [0x0000000740000000, 0x0000000745580000, 0x0000000795580000)
  object space 87552K, 26% used [0x0000000740000000,0x0000000741697868,0x0000000745580000)
 Metaspace       used 19053K, capacity 19267K, committed 19328K, reserved 1067008K
  class space    used 1861K, capacity 1918K, committed 1920K, reserved 1048576K
Event: 164.793 GC heap after
Heap after GC invocations=10 (full 0):
 PSYoungGen      total 125440K, used 64K [0x0000000795580000, 0x000000079e400000, 0x00000007c0000000)
  eden space 114176K, 0% used [0x0000000795580000,0x0000000795580000,0x000000079c500000)
  from space 11264K, 0% used [0x000000079d900000,0x000000079d910000,0x000000079e400000)
  to   space 15872K, 0% used [0x000000079c500000,0x000000079c500000,0x000000079d480000)
 ParOldGen       total 87552K, used 23150K [0x0000000740000000, 0x0000000745580000, 0x0000000795580000)
  object space 87552K, 26% used [0x0000000740000000,0x000000074169b868,0x0000000745580000)
 Metaspace       used 19053K, capacity 19267K, committed 19328K, reserved 1067008K
  class space    used 1861K, capacity 1918K, committed 1920K, reserved 1048576K
}
Event: 194.882 GC heap before
{Heap before GC invocations=11 (full 0):
 PSYoungGen      total 125440K, used 114240K [0x0000000795580000, 0x000000079e400000, 0x00000007c0000000)
  eden space 114176K, 100% used [0x0000000795580000,0x000000079c500000,0x000000079c500000)
  from space 11264K, 0% used [0x000000079d900000,0x000000079d910000,0x000000079e400000)
  to   space 15872K, 0% used [0x000000079c500000,0x000000079c500000,0x000000079d480000)
 ParOldGen       total 87552K, used 23150K [0x0000000740000000, 0x0000000745580000, 0x0000000795580000)
  object space 87552K, 26% used [0x0000000740000000,0x000000074169b868,0x0000000745580000)
 Metaspace       used 19053K, capacity 19267K, committed 19328K, reserved 1067008K
  class space    used 1861K, capacity 1918K, committed 1920K, reserved 1048576K
Event: 194.885 GC heap after
Heap after GC invocations=11 (full 0):
 PSYoungGen      total 110592K, used 64K [0x0000000795580000, 0x000000079df00000, 0x00000007c0000000)
  eden space 110080K, 0% used [0x0000000795580000,0x0000000795580000,0x000000079c100000)
  from space 512K, 12% used [0x000000079c500000,0x000000079c510000,0x000000079c580000)
  to   space 15360K, 0% used [0x000000079d000000,0x000000079d000000,0x000000079df00000)
 ParOldGen       total 87552K, used 23182K [0x0000000740000000, 0x0000000745580000, 0x0000000795580000)
  object space 87552K, 26% used [0x0000000740000000,0x00000007416a3868,0x0000000745580000)
 Metaspace       used 19053K, capacity 19267K, committed 19328K, reserved 1067008K
  class space    used 1861K, capacity 1918K, committed 1920K, reserved 1048576K
}
Event: 230.600 GC heap before
{Heap before GC invocations=12 (full 0):
 PSYoungGen      total 110592K, used 110144K [0x0000000795580000, 0x000000079df00000, 0x00000007c0000000)
  eden space 110080K, 100% used [0x0000000795580000,0x000000079c100000,0x000000079c100000)
  from space 512K, 12% used [0x000000079c500000,0x000000079c510000,0x000000079c580000)
  to   space 15360K, 0% used [0x000000079d000000,0x000000079d000000,0x000000079df00000)
 ParOldGen       total 87552K, used 23182K [0x0000000740000000, 0x0000000745580000, 0x0000000795580000)
  object space 87552K, 26% used [0x0000000740000000,0x00000007416a3868,0x0000000745580000)
 Metaspace       used 19053K, capacity 19267K, committed 19328K, reserved 1067008K
  class space    used 1861K, capacity 1918K, committed 1920K, reserved 1048576K
Event: 230.602 GC heap after
Heap after GC invocations=12 (full 0):
 PSYoungGen      total 117248K, used 32K [0x0000000795580000, 0x000000079db00000, 0x00000007c0000000)
  eden space 105984K, 0% used [0x0000000795580000,0x0000000795580000,0x000000079bd00000)
  from space 11264K, 0% used [0x000000079d000000,0x000000079d008000,0x000000079db00000)
  to   space 15360K, 0% used [0x000000079bd00000,0x000000079bd00000,0x000000079cc00000)
 ParOldGen       total 87552K, used 23182K [0x0000000740000000, 0x0000000745580000, 0x0000000795580000)
  object space 87552K, 26% used [0x0000000740000000,0x00000007416a3868,0x0000000745580000)
 Metaspace       used 19053K, capacity 19267K, committed 19328K, reserved 1067008K
  class space    used 1861K, capacity 1918K, committed 1920K, reserved 1048576K
}

Deoptimization events (10 events):
Event: 255.733 Thread 0x00007fac63420800 Uncommon trap: reason=unstable_if action=reinterpret pc=0x000000010db3d9fc method=sun.java2d.pipe.Region.intersectsQuickCheck(Lsun/java2d/pipe/Region;)Z @ 41
Event: 255.804 Thread 0x00007fac6337d800 Uncommon trap: reason=unstable_if action=reinterpret pc=0x000000010daa32cc method=java.util.HashMap.putVal(ILjava/lang/Object;Ljava/lang/Object;ZZ)Ljava/lang/Object; @ 81
Event: 255.805 Thread 0x00007fac63420800 Uncommon trap: reason=class_check action=maybe_recompile pc=0x000000010d7d37b8 method=java.awt.Component.getGraphics()Ljava/awt/Graphics; @ 114
Event: 255.806 Thread 0x00007fac63e5a800 Uncommon trap: reason=unstable_if action=reinterpret pc=0x000000010d5a57d0 method=java.awt.EventQueue.isDispatchThreadImpl()Z @ 65
Event: 255.808 Thread 0x00007fac6325c000 Uncommon trap: reason=class_check action=maybe_recompile pc=0x000000010d517280 method=com.jogamp.common.util.RunnableTask.run()V @ 24
Event: 255.809 Thread 0x00007fac6325c000 Uncommon trap: reason=unstable_if action=reinterpret pc=0x000000010d664efc method=jogamp.nativewindow.macosx.OSXUtil.RunOnMainThread(ZZLjava/lang/Runnable;)V @ 3
Event: 255.820 Thread 0x00007fac63e5a800 Uncommon trap: reason=unstable_if action=reinterpret pc=0x000000010d794fac method=jogamp.opengl.GLContextImpl.release(Z)V @ 161
Event: 255.830 Thread 0x00007fac63e5a800 Uncommon trap: reason=unstable_if action=reinterpret pc=0x000000010d77f458 method=java.util.LinkedList$ListItr.<init>(Ljava/util/LinkedList;I)V @ 26
Event: 255.834 Thread 0x00007fac63420800 Uncommon trap: reason=class_check action=maybe_recompile pc=0x000000010d7d37b8 method=java.awt.Component.getGraphics()Ljava/awt/Graphics; @ 114
Event: 255.868 Thread 0x00007fac6325c000 Uncommon trap: reason=class_check action=maybe_recompile pc=0x000000010d517280 method=com.jogamp.common.util.RunnableTask.run()V @ 24

Internal exceptions (10 events):
Event: 0.285 Thread 0x00007fac6300e800 Exception <a 'java/lang/NoSuchFieldError': method resolution failed> (0x0000000795879e28) thrown at [/Users/java_re/workspace/8-2-build-macosx-x86_64/jdk8u65/4987/hotspot/src/share/vm/prims/methodHandles.cpp, line 1146]
Event: 0.296 Thread 0x00007fac6300e800 Exception <a 'java/lang/NoSuchFieldError': method resolution failed> (0x00000007958875f8) thrown at [/Users/java_re/workspace/8-2-build-macosx-x86_64/jdk8u65/4987/hotspot/src/share/vm/prims/methodHandles.cpp, line 1146]
Event: 0.504 Thread 0x00007fac6300e800 Exception <a 'java/io/FileNotFoundException'> (0x0000000795903350) thrown at [/Users/java_re/workspace/8-2-build-macosx-x86_64/jdk8u65/4987/hotspot/src/share/vm/prims/jni.cpp, line 709]
Event: 0.504 Thread 0x00007fac6300e800 Exception <a 'java/io/FileNotFoundException'> (0x0000000795903eb0) thrown at [/Users/java_re/workspace/8-2-build-macosx-x86_64/jdk8u65/4987/hotspot/src/share/vm/prims/jni.cpp, line 709]
Event: 0.675 Thread 0x00007fac6300e800 Exception <a 'java/io/FileNotFoundException'> (0x0000000795ae90c0) thrown at [/Users/java_re/workspace/8-2-build-macosx-x86_64/jdk8u65/4987/hotspot/src/share/vm/prims/jni.cpp, line 709]
Event: 2.720 Thread 0x00007fac635ac000 Exception <a 'java/lang/UnsatisfiedLinkError': com.jogamp.common.util.JarUtil.fixNativeLibAttribs(Ljava/lang/String;)Z> (0x0000000796c41200) thrown at [/Users/java_re/workspace/8-2-build-macosx-x86_64/jdk8u65/4987/hotspot/src/share/vm/prims/nativeLookup.c
Event: 3.131 Thread 0x00007fac6306e000 Exception <a 'java/lang/NullPointerException'> (0x0000000795626758) thrown at [/Users/java_re/workspace/8-2-build-macosx-x86_64/jdk8u65/4987/hotspot/src/share/vm/interpreter/linkResolver.cpp, line 1178]
Event: 4.591 Thread 0x00007fac63e5a800 Exception <a 'java/io/FileNotFoundException'> (0x0000000796201510) thrown at [/Users/java_re/workspace/8-2-build-macosx-x86_64/jdk8u65/4987/hotspot/src/share/vm/prims/jni.cpp, line 709]
Event: 4.592 Thread 0x00007fac63e5a800 Exception <a 'java/io/FileNotFoundException'> (0x0000000796208ac0) thrown at [/Users/java_re/workspace/8-2-build-macosx-x86_64/jdk8u65/4987/hotspot/src/share/vm/prims/jni.cpp, line 709]
Event: 4.592 Thread 0x00007fac63e5a800 Implicit null exception at 0x000000010d5b2375 to 0x000000010d5b26c1

Events (10 events):
Event: 255.836 Thread 0x00007fac63829800 flushing nmethod 0x000000010d5e9310
Event: 255.836 Thread 0x00007fac63829800 flushing nmethod 0x000000010d5ff710
Event: 255.836 Thread 0x00007fac63829800 flushing nmethod 0x000000010d5ffb90
Event: 255.836 Thread 0x00007fac63829800 flushing nmethod 0x000000010d601d90
Event: 255.836 Thread 0x00007fac63829800 flushing nmethod 0x000000010d60fe90
Event: 255.836 Thread 0x00007fac63829800 flushing nmethod 0x000000010d616cd0
Event: 255.841 Thread 0x00007fac63818000 flushing nmethod 0x000000010d748f10
Event: 255.868 Thread 0x00007fac6325c000 Uncommon trap: trap_request=0xffffffde fr.pc=0x000000010d517280
Event: 255.868 Thread 0x00007fac6325c000 DEOPT PACKING pc=0x000000010d517280 sp=0x00007fff53f096e0
Event: 255.868 Thread 0x00007fac6325c000 DEOPT UNPACKING pc=0x000000010d404f69 sp=0x00007fff53f09688 mode 2


Dynamic libraries:
0x0000000009135000 	/System/Library/Frameworks/Cocoa.framework/Versions/A/Cocoa
0x0000000009135000 	/System/Library/Frameworks/Security.framework/Versions/A/Security
0x0000000009135000 	/System/Library/Frameworks/ApplicationServices.framework/Versions/A/ApplicationServices
0x0000000009135000 	/usr/lib/libz.1.dylib
0x0000000009135000 	/usr/lib/libSystem.B.dylib
0x0000000009135000 	/usr/lib/libobjc.A.dylib
0x0000000009135000 	/System/Library/Frameworks/CoreFoundation.framework/Versions/A/CoreFoundation
0x0000000009135000 	/System/Library/Frameworks/Foundation.framework/Versions/C/Foundation
0x0000000009135000 	/System/Library/Frameworks/AppKit.framework/Versions/C/AppKit
0x0000000009135000 	/System/Library/Frameworks/CoreData.framework/Versions/A/CoreData
0x0000000009135000 	/System/Library/PrivateFrameworks/RemoteViewServices.framework/Versions/A/RemoteViewServices
0x0000000009135000 	/System/Library/PrivateFrameworks/UIFoundation.framework/Versions/A/UIFoundation
0x0000000009135000 	/usr/lib/libScreenReader.dylib
0x0000000009135000 	/System/Library/Frameworks/Accelerate.framework/Versions/A/Accelerate
0x0000000009135000 	/System/Library/Frameworks/IOSurface.framework/Versions/A/IOSurface
0x0000000009135000 	/System/Library/Frameworks/AudioToolbox.framework/Versions/A/AudioToolbox
0x0000000009135000 	/System/Library/Frameworks/AudioUnit.framework/Versions/A/AudioUnit
0x0000000009135000 	/System/Library/PrivateFrameworks/DataDetectorsCore.framework/Versions/A/DataDetectorsCore
0x0000000009135000 	/System/Library/PrivateFrameworks/DesktopServicesPriv.framework/Versions/A/DesktopServicesPriv
0x0000000009135000 	/System/Library/Frameworks/Carbon.framework/Versions/A/Frameworks/HIToolbox.framework/Versions/A/HIToolbox
0x0000000009135000 	/System/Library/Frameworks/QuartzCore.framework/Versions/A/QuartzCore
0x0000000009135000 	/System/Library/Frameworks/Carbon.framework/Versions/A/Frameworks/SpeechRecognition.framework/Versions/A/SpeechRecognition
0x0000000009135000 	/usr/lib/libauto.dylib
0x0000000009135000 	/usr/lib/libicucore.A.dylib
0x0000000009135000 	/usr/lib/libxml2.2.dylib
0x0000000009135000 	/System/Library/PrivateFrameworks/CoreUI.framework/Versions/A/CoreUI
0x0000000009135000 	/System/Library/Frameworks/CoreAudio.framework/Versions/A/CoreAudio
0x0000000009135000 	/System/Library/Frameworks/DiskArbitration.framework/Versions/A/DiskArbitration
0x0000000009135000 	/usr/lib/liblangid.dylib
0x0000000009135000 	/System/Library/PrivateFrameworks/MultitouchSupport.framework/Versions/A/MultitouchSupport
0x0000000009135000 	/System/Library/Frameworks/IOKit.framework/Versions/A/IOKit
0x0000000009135000 	/usr/lib/libDiagnosticMessagesClient.dylib
0x0000000009135000 	/System/Library/Frameworks/CoreServices.framework/Versions/A/CoreServices
0x0000000009135000 	/System/Library/PrivateFrameworks/PerformanceAnalysis.framework/Versions/A/PerformanceAnalysis
0x0000000009135000 	/System/Library/PrivateFrameworks/GenerationalStorage.framework/Versions/A/GenerationalStorage
0x0000000009135000 	/System/Library/Frameworks/OpenGL.framework/Versions/A/OpenGL
0x0000000009135000 	/System/Library/PrivateFrameworks/Sharing.framework/Versions/A/Sharing
0x0000000009135000 	/System/Library/Frameworks/CoreGraphics.framework/Versions/A/CoreGraphics
0x0000000009135000 	/System/Library/Frameworks/CoreImage.framework/Versions/A/CoreImage
0x0000000009135000 	/System/Library/Frameworks/CoreText.framework/Versions/A/CoreText
0x0000000009135000 	/System/Library/Frameworks/ImageIO.framework/Versions/A/ImageIO
0x0000000009135000 	/System/Library/PrivateFrameworks/Backup.framework/Versions/A/Backup
0x0000000009135000 	/usr/lib/libextension.dylib
0x0000000009135000 	/usr/lib/libarchive.2.dylib
0x0000000009135000 	/System/Library/Frameworks/CFNetwork.framework/Versions/A/CFNetwork
0x0000000009135000 	/System/Library/Frameworks/SystemConfiguration.framework/Versions/A/SystemConfiguration
0x0000000009135000 	/usr/lib/libCRFSuite.dylib
0x0000000009135000 	/usr/lib/libc++.1.dylib
0x0000000009135000 	/usr/lib/libc++abi.dylib
0x0000000009135000 	/usr/lib/system/libcache.dylib
0x0000000009135000 	/usr/lib/system/libcommonCrypto.dylib
0x0000000009135000 	/usr/lib/system/libcompiler_rt.dylib
0x0000000009135000 	/usr/lib/system/libcopyfile.dylib
0x0000000009135000 	/usr/lib/system/libcorecrypto.dylib
0x0000000009135000 	/usr/lib/system/libdispatch.dylib
0x0000000009135000 	/usr/lib/system/libdyld.dylib
0x0000000009135000 	/usr/lib/system/libkeymgr.dylib
0x0000000009135000 	/usr/lib/system/liblaunch.dylib
0x0000000009135000 	/usr/lib/system/libmacho.dylib
0x0000000009135000 	/usr/lib/system/libquarantine.dylib
0x0000000009135000 	/usr/lib/system/libremovefile.dylib
0x0000000009135000 	/usr/lib/system/libsystem_asl.dylib
0x0000000009135000 	/usr/lib/system/libsystem_blocks.dylib
0x0000000009135000 	/usr/lib/system/libsystem_c.dylib
0x0000000009135000 	/usr/lib/system/libsystem_configuration.dylib
0x0000000009135000 	/usr/lib/system/libsystem_coreservices.dylib
0x0000000009135000 	/usr/lib/system/libsystem_coretls.dylib
0x0000000009135000 	/usr/lib/system/libsystem_dnssd.dylib
0x0000000009135000 	/usr/lib/system/libsystem_info.dylib
0x0000000009135000 	/usr/lib/system/libsystem_kernel.dylib
0x0000000009135000 	/usr/lib/system/libsystem_m.dylib
0x0000000009135000 	/usr/lib/system/libsystem_malloc.dylib
0x0000000009135000 	/usr/lib/system/libsystem_network.dylib
0x0000000009135000 	/usr/lib/system/libsystem_networkextension.dylib
0x0000000009135000 	/usr/lib/system/libsystem_notify.dylib
0x0000000009135000 	/usr/lib/system/libsystem_platform.dylib
0x0000000009135000 	/usr/lib/system/libsystem_pthread.dylib
0x0000000009135000 	/usr/lib/system/libsystem_sandbox.dylib
0x0000000009135000 	/usr/lib/system/libsystem_secinit.dylib
0x0000000009135000 	/usr/lib/system/libsystem_trace.dylib
0x0000000009135000 	/usr/lib/system/libunc.dylib
0x0000000009135000 	/usr/lib/system/libunwind.dylib
0x0000000009135000 	/usr/lib/system/libxpc.dylib
0x0000000009135000 	/usr/lib/libenergytrace.dylib
0x0000000009135000 	/usr/lib/libbsm.0.dylib
0x0000000009135000 	/usr/lib/system/libkxld.dylib
0x0000000009135000 	/usr/lib/libxar.1.dylib
0x0000000009135000 	/usr/lib/libsqlite3.dylib
0x0000000009135000 	/usr/lib/libpam.2.dylib
0x0000000009135000 	/usr/lib/libOpenScriptingUtil.dylib
0x0000000009135000 	/usr/lib/libbz2.1.0.dylib
0x0000000009135000 	/usr/lib/liblzma.5.dylib
0x0000000009135000 	/System/Library/Frameworks/CoreServices.framework/Versions/A/Frameworks/FSEvents.framework/Versions/A/FSEvents
0x0000000009135000 	/System/Library/Frameworks/CoreServices.framework/Versions/A/Frameworks/CarbonCore.framework/Versions/A/CarbonCore
0x0000000009135000 	/System/Library/Frameworks/CoreServices.framework/Versions/A/Frameworks/Metadata.framework/Versions/A/Metadata
0x0000000009135000 	/System/Library/Frameworks/CoreServices.framework/Versions/A/Frameworks/OSServices.framework/Versions/A/OSServices
0x0000000009135000 	/System/Library/Frameworks/CoreServices.framework/Versions/A/Frameworks/SearchKit.framework/Versions/A/SearchKit
0x0000000009135000 	/System/Library/Frameworks/CoreServices.framework/Versions/A/Frameworks/AE.framework/Versions/A/AE
0x0000000009135000 	/System/Library/Frameworks/CoreServices.framework/Versions/A/Frameworks/LaunchServices.framework/Versions/A/LaunchServices
0x0000000009135000 	/System/Library/Frameworks/CoreServices.framework/Versions/A/Frameworks/DictionaryServices.framework/Versions/A/DictionaryServices
0x0000000009135000 	/System/Library/Frameworks/CoreServices.framework/Versions/A/Frameworks/SharedFileList.framework/Versions/A/SharedFileList
0x0000000009135000 	/System/Library/Frameworks/NetFS.framework/Versions/A/NetFS
0x0000000009135000 	/System/Library/PrivateFrameworks/NetAuth.framework/Versions/A/NetAuth
0x0000000009135000 	/System/Library/PrivateFrameworks/login.framework/Versions/A/Frameworks/loginsupport.framework/Versions/A/loginsupport
0x0000000009135000 	/System/Library/PrivateFrameworks/TCC.framework/Versions/A/TCC
0x0000000009135000 	/usr/lib/libmecabra.dylib
0x0000000009135000 	/System/Library/Frameworks/ApplicationServices.framework/Versions/A/Frameworks/ATS.framework/Versions/A/ATS
0x0000000009135000 	/System/Library/Frameworks/ApplicationServices.framework/Versions/A/Frameworks/ColorSync.framework/Versions/A/ColorSync
0x0000000009135000 	/System/Library/Frameworks/ApplicationServices.framework/Versions/A/Frameworks/HIServices.framework/Versions/A/HIServices
0x0000000009135000 	/System/Library/Frameworks/ApplicationServices.framework/Versions/A/Frameworks/LangAnalysis.framework/Versions/A/LangAnalysis
0x0000000009135000 	/System/Library/Frameworks/ApplicationServices.framework/Versions/A/Frameworks/PrintCore.framework/Versions/A/PrintCore
0x0000000009135000 	/System/Library/Frameworks/ApplicationServices.framework/Versions/A/Frameworks/QD.framework/Versions/A/QD
0x0000000009135000 	/System/Library/Frameworks/ApplicationServices.framework/Versions/A/Frameworks/SpeechSynthesis.framework/Versions/A/SpeechSynthesis
0x0000000009135000 	/System/Library/Frameworks/Metal.framework/Versions/A/Metal
0x0000000009135000 	/System/Library/Frameworks/Accelerate.framework/Versions/A/Frameworks/vImage.framework/Versions/A/vImage
0x0000000009135000 	/System/Library/Frameworks/Accelerate.framework/Versions/A/Frameworks/vecLib.framework/Versions/A/vecLib
0x0000000009135000 	/System/Library/Frameworks/Accelerate.framework/Versions/A/Frameworks/vecLib.framework/Versions/A/libvDSP.dylib
0x0000000009135000 	/System/Library/Frameworks/Accelerate.framework/Versions/A/Frameworks/vecLib.framework/Versions/A/libvMisc.dylib
0x0000000009135000 	/System/Library/Frameworks/Accelerate.framework/Versions/A/Frameworks/vecLib.framework/Versions/A/libLAPACK.dylib
0x0000000009135000 	/System/Library/Frameworks/Accelerate.framework/Versions/A/Frameworks/vecLib.framework/Versions/A/libBLAS.dylib
0x0000000009135000 	/System/Library/Frameworks/Accelerate.framework/Versions/A/Frameworks/vecLib.framework/Versions/A/libLinearAlgebra.dylib
0x0000000009135000 	/System/Library/Frameworks/Accelerate.framework/Versions/A/Frameworks/vecLib.framework/Versions/A/libSparseBLAS.dylib
0x0000000009135000 	/System/Library/PrivateFrameworks/GPUCompiler.framework/libmetal_timestamp.dylib
0x0000000009135000 	/System/Library/Frameworks/OpenGL.framework/Versions/A/Libraries/libCoreFSCache.dylib
0x0000000009135000 	/System/Library/PrivateFrameworks/IOAccelerator.framework/Versions/A/IOAccelerator
0x0000000009135000 	/System/Library/Frameworks/ApplicationServices.framework/Versions/A/Frameworks/ATS.framework/Versions/A/Resources/libFontParser.dylib
0x0000000009135000 	/System/Library/Frameworks/ApplicationServices.framework/Versions/A/Frameworks/ATS.framework/Versions/A/Resources/libFontRegistry.dylib
0x0000000009135000 	/System/Library/PrivateFrameworks/AppleVPA.framework/Versions/A/AppleVPA
0x0000000009135000 	/System/Library/PrivateFrameworks/AppleJPEG.framework/Versions/A/AppleJPEG
0x0000000009135000 	/System/Library/Frameworks/ImageIO.framework/Versions/A/Resources/libJPEG.dylib
0x0000000009135000 	/System/Library/Frameworks/ImageIO.framework/Versions/A/Resources/libTIFF.dylib
0x0000000009135000 	/System/Library/Frameworks/ImageIO.framework/Versions/A/Resources/libPng.dylib
0x0000000009135000 	/System/Library/Frameworks/ImageIO.framework/Versions/A/Resources/libGIF.dylib
0x0000000009135000 	/System/Library/Frameworks/ImageIO.framework/Versions/A/Resources/libJP2.dylib
0x0000000009135000 	/System/Library/Frameworks/ImageIO.framework/Versions/A/Resources/libRadiance.dylib
0x0000000009135000 	/System/Library/Frameworks/CoreVideo.framework/Versions/A/CoreVideo
0x0000000009135000 	/System/Library/Frameworks/OpenGL.framework/Versions/A/Libraries/libGLU.dylib
0x0000000009135000 	/System/Library/Frameworks/OpenGL.framework/Versions/A/Libraries/libGFXShared.dylib
0x0000000009135000 	/System/Library/Frameworks/OpenGL.framework/Versions/A/Libraries/libGL.dylib
0x0000000009135000 	/System/Library/Frameworks/OpenGL.framework/Versions/A/Libraries/libGLImage.dylib
0x0000000009135000 	/System/Library/Frameworks/OpenGL.framework/Versions/A/Libraries/libCVMSPluginSupport.dylib
0x0000000009135000 	/System/Library/Frameworks/OpenGL.framework/Versions/A/Libraries/libCoreVMClient.dylib
0x0000000009135000 	/usr/lib/libcups.2.dylib
0x0000000009135000 	/System/Library/Frameworks/Kerberos.framework/Versions/A/Kerberos
0x0000000009135000 	/System/Library/Frameworks/GSS.framework/Versions/A/GSS
0x0000000009135000 	/usr/lib/libresolv.9.dylib
0x0000000009135000 	/usr/lib/libiconv.2.dylib
0x0000000009135000 	/System/Library/PrivateFrameworks/Heimdal.framework/Versions/A/Heimdal
0x0000000009135000 	/usr/lib/libheimdal-asn1.dylib
0x0000000009135000 	/System/Library/Frameworks/OpenDirectory.framework/Versions/A/OpenDirectory
0x0000000009135000 	/System/Library/PrivateFrameworks/CommonAuth.framework/Versions/A/CommonAuth
0x0000000009135000 	/System/Library/Frameworks/OpenDirectory.framework/Versions/A/Frameworks/CFOpenDirectory.framework/Versions/A/CFOpenDirectory
0x0000000009135000 	/System/Library/Frameworks/SecurityFoundation.framework/Versions/A/SecurityFoundation
0x0000000009135000 	/System/Library/PrivateFrameworks/LanguageModeling.framework/Versions/A/LanguageModeling
0x0000000009135000 	/usr/lib/libmarisa.dylib
0x0000000009135000 	/usr/lib/libChineseTokenizer.dylib
0x0000000009135000 	/usr/lib/libcmph.dylib
0x0000000009135000 	/usr/lib/libcompression.dylib
0x0000000009135000 	/System/Library/Frameworks/ServiceManagement.framework/Versions/A/ServiceManagement
0x0000000009135000 	/usr/lib/libxslt.1.dylib
0x0000000009135000 	/System/Library/Frameworks/Carbon.framework/Versions/A/Frameworks/Ink.framework/Versions/A/Ink
0x0000000009135000 	/usr/lib/libFosl_dynamic.dylib
0x0000000009135000 	/System/Library/PrivateFrameworks/FaceCore.framework/Versions/A/FaceCore
0x0000000009135000 	/System/Library/Frameworks/OpenCL.framework/Versions/A/OpenCL
0x0000000009135000 	/System/Library/PrivateFrameworks/CrashReporterSupport.framework/Versions/A/CrashReporterSupport
0x0000000009135000 	/System/Library/PrivateFrameworks/IconServices.framework/Versions/A/IconServices
0x0000000009135000 	/System/Library/PrivateFrameworks/Apple80211.framework/Versions/A/Apple80211
0x0000000009135000 	/System/Library/Frameworks/CoreWLAN.framework/Versions/A/CoreWLAN
0x0000000009135000 	/System/Library/Frameworks/IOBluetooth.framework/Versions/A/IOBluetooth
0x0000000009135000 	/System/Library/PrivateFrameworks/CoreWiFi.framework/Versions/A/CoreWiFi
0x0000000009135000 	/System/Library/Frameworks/CoreBluetooth.framework/Versions/A/CoreBluetooth
0x0000000009135000 	/System/Library/PrivateFrameworks/ChunkingLibrary.framework/Versions/A/ChunkingLibrary
0x0000000009135000 	/System/Library/PrivateFrameworks/DebugSymbols.framework/Versions/A/DebugSymbols
0x0000000009135000 	/System/Library/PrivateFrameworks/CoreSymbolication.framework/Versions/A/CoreSymbolication
0x0000000009135000 	/System/Library/PrivateFrameworks/Symbolication.framework/Versions/A/Symbolication
0x0000000009135000 	/System/Library/PrivateFrameworks/SpeechRecognitionCore.framework/Versions/A/SpeechRecognitionCore
0x000000010bf6e000 	/Library/Java/JavaVirtualMachines/jdk1.8.0_65.jdk/Contents/Home/jre/lib/server/libjvm.dylib
0x0000000009135000 	/usr/lib/libstdc++.6.dylib
0x000000010cef7000 	/Library/Java/JavaVirtualMachines/jdk1.8.0_65.jdk/Contents/Home/jre/lib/libverify.dylib
0x000000010cf05000 	/Library/Java/JavaVirtualMachines/jdk1.8.0_65.jdk/Contents/Home/jre/lib/libjava.dylib
0x000000010cf48000 	/Library/Java/JavaVirtualMachines/jdk1.8.0_65.jdk/Contents/Home/jre/lib/libzip.dylib
0x0000000122677000 	/System/Library/Frameworks/JavaVM.framework/Frameworks/JavaRuntimeSupport.framework/JavaRuntimeSupport
0x0000000122692000 	/System/Library/Frameworks/JavaVM.framework/Versions/A/Frameworks/JavaNativeFoundation.framework/Versions/A/JavaNativeFoundation
0x00000001226a7000 	/System/Library/Frameworks/JavaVM.framework/Versions/A/JavaVM
0x0000000009135000 	/System/Library/Frameworks/Carbon.framework/Versions/A/Carbon
0x00000001226b4000 	/System/Library/PrivateFrameworks/JavaLaunching.framework/Versions/A/JavaLaunching
0x0000000009135000 	/System/Library/Frameworks/Carbon.framework/Versions/A/Frameworks/CommonPanels.framework/Versions/A/CommonPanels
0x0000000009135000 	/System/Library/Frameworks/Carbon.framework/Versions/A/Frameworks/Help.framework/Versions/A/Help
0x0000000009135000 	/System/Library/Frameworks/Carbon.framework/Versions/A/Frameworks/ImageCapture.framework/Versions/A/ImageCapture
0x0000000009135000 	/System/Library/Frameworks/Carbon.framework/Versions/A/Frameworks/OpenScripting.framework/Versions/A/OpenScripting
0x0000000009135000 	/System/Library/Frameworks/Carbon.framework/Versions/A/Frameworks/Print.framework/Versions/A/Print
0x0000000009135000 	/System/Library/Frameworks/Carbon.framework/Versions/A/Frameworks/SecurityHI.framework/Versions/A/SecurityHI
0x000000012400e000 	/Library/Java/JavaVirtualMachines/jdk1.8.0_65.jdk/Contents/Home/jre/lib/libawt.dylib
0x00000001240b6000 	/Library/Java/JavaVirtualMachines/jdk1.8.0_65.jdk/Contents/Home/jre/lib/./libmlib_image.dylib
0x0000000124182000 	/Library/Java/JavaVirtualMachines/jdk1.8.0_65.jdk/Contents/Home/jre/lib/libawt_lwawt.dylib
0x0000000124237000 	/Library/Java/JavaVirtualMachines/jdk1.8.0_65.jdk/Contents/Home/jre/lib/./libosxapp.dylib
0x0000000009135000 	/System/Library/Frameworks/ExceptionHandling.framework/Versions/A/ExceptionHandling
0x0000000009135000 	/System/Library/PrivateFrameworks/CoreServicesInternal.framework/Versions/A/CoreServicesInternal
0x0000000009135000 	/System/Library/Frameworks/CoreGraphics.framework/Versions/A/Resources/libRIP.A.dylib
0x0000000009135000 	/System/Library/Frameworks/Accelerate.framework/Versions/A/Frameworks/vImage.framework/Versions/A/Libraries/libCGInterfaces.dylib
0x0000000009135000 	/System/Library/Frameworks/CoreGraphics.framework/Versions/A/Resources/libCGXType.A.dylib
0x0000000009135000 	/System/Library/Frameworks/OpenCL.framework/Versions/A/Libraries/libcldcpuengine.dylib
0x0000000009135000 	/System/Library/PrivateFrameworks/DiskImages.framework/Versions/A/DiskImages
0x0000000009135000 	/System/Library/Frameworks/DiscRecording.framework/Versions/A/DiscRecording
0x0000000009135000 	/usr/lib/libcsfde.dylib
0x0000000009135000 	/usr/lib/libcurl.4.dylib
0x0000000009135000 	/System/Library/PrivateFrameworks/MediaKit.framework/Versions/A/MediaKit
0x0000000009135000 	/System/Library/PrivateFrameworks/ProtectedCloudStorage.framework/Versions/A/ProtectedCloudStorage
0x0000000009135000 	/usr/lib/libCoreStorage.dylib
0x0000000009135000 	/System/Library/PrivateFrameworks/EFILogin.framework/Versions/A/EFILogin
0x0000000009135000 	/usr/lib/libutil.dylib
0x0000000009135000 	/System/Library/PrivateFrameworks/FindMyDevice.framework/Versions/A/FindMyDevice
0x0000000009135000 	/System/Library/Frameworks/LDAP.framework/Versions/A/LDAP
0x0000000009135000 	/usr/lib/libsasl2.2.dylib
0x0000000009135000 	/System/Library/PrivateFrameworks/CoreDaemon.framework/Versions/B/CoreDaemon
0x0000000009135000 	/usr/lib/libcrypto.0.9.8.dylib
0x0000000009135000 	/System/Library/PrivateFrameworks/AppleSRP.framework/Versions/A/AppleSRP
0x0000000009135000 	/System/Library/PrivateFrameworks/TrustEvaluationAgent.framework/Versions/A/TrustEvaluationAgent
0x0000000125902000 	cl_kernels
0x0000000009135000 	/System/Library/Frameworks/OpenCL.framework/Versions/A/Libraries/ImageFormats/unorm8_bgra.dylib
0x0000000009135000 	/System/Library/Frameworks/OpenCL.framework/Versions/A/Libraries/ImageFormats/unorm8_rgba.dylib
0x0000000009135000 	/System/Library/PrivateFrameworks/FamilyControls.framework/Versions/A/FamilyControls
0x0000000009135000 	/System/Library/PrivateFrameworks/CommerceKit.framework/Versions/A/Frameworks/CommerceCore.framework/Versions/A/CommerceCore
0x0000000009135000 	/System/Library/PrivateFrameworks/SystemAdministration.framework/Versions/A/SystemAdministration
0x0000000009135000 	/System/Library/PrivateFrameworks/AppContainer.framework/Versions/A/AppContainer
0x0000000009135000 	/System/Library/PrivateFrameworks/SecCodeWrapper.framework/Versions/A/SecCodeWrapper
0x0000000009135000 	/System/Library/Frameworks/DirectoryService.framework/Versions/A/DirectoryService
0x0000000009135000 	/System/Library/PrivateFrameworks/LoginUIKit.framework/Versions/A/Frameworks/LoginUICore.framework/Versions/A/LoginUICore
0x0000000009135000 	/usr/lib/libodfde.dylib
0x0000000009135000 	/System/Library/Frameworks/OpenGL.framework/Versions/A/Resources/GLEngine.bundle/GLEngine
0x0000000009135000 	/System/Library/Frameworks/OpenGL.framework/Versions/A/Libraries/libGLProgrammability.dylib
0x000000012693f000 	/System/Library/Extensions/GeForceTeslaGLDriver.bundle/Contents/MacOS/GeForceTeslaGLDriver
0x00000001284ff000 	/System/Library/Extensions/GeForceTeslaGLDriver.bundle/Contents/MacOS/libclh.dylib
0x0000000009135000 	/System/Library/PrivateFrameworks/GPUSupport.framework/Versions/A/Libraries/libGPUSupport.dylib
0x0000000009135000 	/System/Library/Frameworks/OpenGL.framework/Versions/A/Resources/GLRendererFloat.bundle/GLRendererFloat
0x00000001292ac000 	/Library/Java/JavaVirtualMachines/jdk1.8.0_65.jdk/Contents/Home/jre/lib/libfontmanager.dylib
0x000000012a07e000 	/Library/Java/JavaVirtualMachines/jdk1.8.0_65.jdk/Contents/Home/jre/lib/libosxui.dylib
0x000000012b634000 	/Library/Java/JavaVirtualMachines/jdk1.8.0_65.jdk/Contents/Home/jre/lib/libnet.dylib
0x000000012b64b000 	/Library/Java/JavaVirtualMachines/jdk1.8.0_65.jdk/Contents/Home/jre/lib/libnio.dylib
0x0000000009135000 	/System/Library/Frameworks/ApplicationServices.framework/Versions/A/Frameworks/ATS.framework/Versions/A/Resources/libTrueTypeScaler.dylib
0x0000000124eae000 	/private/var/folders/hv/42cns_pd3rngtnlglvbsk1kh0000gn/T/jogamp_0000/file_cache/jln8539311729593523255/jln2570951214440515901/libgluegen-rt.jnilib
0x0000000124eb3000 	/private/var/folders/hv/42cns_pd3rngtnlglvbsk1kh0000gn/T/jogamp_0000/file_cache/jln8539311729593523255/jln2570951214440515901/libnativewindow_awt.jnilib
0x0000000124eb6000 	/Library/Java/JavaVirtualMachines/jdk1.8.0_65.jdk/Contents/Home/jre/lib/libjawt.dylib
0x0000000124eb9000 	/private/var/folders/hv/42cns_pd3rngtnlglvbsk1kh0000gn/T/jogamp_0000/file_cache/jln8539311729593523255/jln2570951214440515901/libnativewindow_macosx.jnilib
0x0000000186b8b000 	/private/var/folders/hv/42cns_pd3rngtnlglvbsk1kh0000gn/T/jogamp_0000/file_cache/jln8539311729593523255/jln2570951214440515901/libjogl_desktop.jnilib
0x0000000188e17000 	/Library/Java/JavaVirtualMachines/jdk1.8.0_65.jdk/Contents/Home/jre/lib/libjpeg.dylib

VM Arguments:
jvm_args: -Djava.security.policy=java.policy.applet -Dfile.encoding=UTF-8 
java_command: sun.applet.AppletViewer module1.HelloWorld1451102435610.html
java_class_path (initial): /Users/jcast623/Documents/workspace/UCSDUnfoldingMaps/build:/Users/jcast623/Documents/workspace/UCSDUnfoldingMaps/lib/core.jar:/Users/jcast623/Documents/workspace/UCSDUnfoldingMaps/lib/gluegen-rt.jar:/Users/jcast623/Documents/workspace/UCSDUnfoldingMaps/lib/jogl-all.jar:/Users/jcast623/Documents/workspace/UCSDUnfoldingMaps/lib/log4j-1.2.15.jar:/Users/jcast623/Documents/workspace/UCSDUnfoldingMaps/lib/sqlite-jdbc-3.7.2.jar:/Users/jcast623/Documents/workspace/UCSDUnfoldingMaps/lib/json4processing.jar:/Users/jcast623/Documents/workspace/UCSDUnfoldingMaps/lib/libTUIO.jar:/Users/jcast623/Documents/workspace/UCSDUnfoldingMaps/lib/unfolding.0.9.7-uscd.jar
Launcher Type: SUN_STANDARD

Environment Variables:
PATH=/usr/bin:/bin:/usr/sbin:/sbin
SHELL=/bin/bash

Signal Handlers:
SIGSEGV: [libjvm.dylib+0x5a6d31], sa_mask[0]=11111111011111110111111111111111, sa_flags=SA_ONSTACK|SA_RESTART|SA_SIGINFO
SIGBUS: [libjvm.dylib+0x5a6d31], sa_mask[0]=11111111011111110111111111111111, sa_flags=SA_RESTART|SA_SIGINFO
SIGFPE: [libjvm.dylib+0x480a40], sa_mask[0]=11111111011111110111111111111111, sa_flags=SA_RESTART|SA_SIGINFO
SIGPIPE: [libjvm.dylib+0x480a40], sa_mask[0]=11111111011111110111111111111111, sa_flags=SA_RESTART|SA_SIGINFO
SIGXFSZ: [libjvm.dylib+0x480a40], sa_mask[0]=11111111011111110111111111111111, sa_flags=SA_RESTART|SA_SIGINFO
SIGILL: [libjvm.dylib+0x480a40], sa_mask[0]=11111111011111110111111111111111, sa_flags=SA_RESTART|SA_SIGINFO
SIGUSR1: SIG_DFL, sa_mask[0]=00000000000000000000000000000000, sa_flags=none
SIGUSR2: [libjvm.dylib+0x48055e], sa_mask[0]=00100000000000000000000000000000, sa_flags=SA_RESTART|SA_SIGINFO
SIGHUP: [libjvm.dylib+0x47eb35], sa_mask[0]=11111111011111110111111111111111, sa_flags=SA_RESTART|SA_SIGINFO
SIGINT: [libjvm.dylib+0x47eb35], sa_mask[0]=11111111011111110111111111111111, sa_flags=SA_RESTART|SA_SIGINFO
SIGTERM: [libjvm.dylib+0x47eb35], sa_mask[0]=11111111011111110111111111111111, sa_flags=SA_RESTART|SA_SIGINFO
SIGQUIT: [libjvm.dylib+0x47eb35], sa_mask[0]=11111111011111110111111111111111, sa_flags=SA_RESTART|SA_SIGINFO


---------------  S Y S T E M  ---------------

OS:Bsduname:Darwin 15.2.0 Darwin Kernel Version 15.2.0: Fri Nov 13 19:56:56 PST 2015; root:xnu-3248.20.55~2/RELEASE_X86_64 x86_64
rlimit: STACK 8192k, CORE 0k, NPROC 709, NOFILE 10240, AS infinity
load average:2.06 1.81 1.93

CPU:total 2 (2 cores per cpu, 1 threads per core) family 6 model 23 stepping 10, cmov, cx8, fxsr, mmx, sse, sse2, sse3, ssse3, sse4.1, tsc

Memory: 4k page, physical 8388608k(991392k free)

/proc/meminfo:


vm_info: Java HotSpot(TM) 64-Bit Server VM (25.65-b01) for bsd-amd64 JRE (1.8.0_65-b17), built on Oct  6 2015 15:36:46 by "java_re" with gcc 4.2.1 (Based on Apple Inc. build 5658) (LLVM build 2336.11.00)

time: Fri Dec 25 23:04:51 2015
elapsed time: 255 seconds (0d 0h 4m 15s)

