#
# A fatal error has been detected by the Java Runtime Environment:
#
#  SIGSEGV (0xb) at pc=0x00007fff99bfe4dd, pid=8796, tid=2571
#
# JRE version: Java(TM) SE Runtime Environment (8.0_65-b17) (build 1.8.0_65-b17)
# Java VM: Java HotSpot(TM) 64-Bit Server VM (25.65-b01 mixed mode bsd-amd64 compressed oops)
# Problematic frame:
# C  [libobjc.A.dylib+0x14dd]  objc_msgSend+0x1d
#
# Failed to write core dump. Core dumps have been disabled. To enable core dumping, try "ulimit -c unlimited" before starting Java again
#
# If you would like to submit a bug report, please visit:
#   http://bugreport.java.com/bugreport/crash.jsp
# The crash happened outside the Java Virtual Machine in native code.
# See problematic frame for where to report the bug.
#

---------------  T H R E A D  ---------------

Current thread (0x00007f9901a35800):  JavaThread "AWT-AppKit" daemon [_thread_in_native, id=2571, stack(0x00007fff53365000,0x00007fff53b65000)]

siginfo: si_signo: 11 (SIGSEGV), si_code: 1 (SEGV_MAPERR), si_addr: 0x0000000000000018

Registers:
RAX=0x00007f9903a80630, RBX=0x0000000125287450, RCX=0x00000001252b5980, RDX=0x00000001252b54e0
RSP=0x00007fff53b60478, RBP=0x00007fff53b60530, RSI=0x00007fff8b80ed0e, RDI=0x00007f9900cd1ac0
R8 =0x0000000000000000, R9 =0x00000000000008c0, R10=0x00007fff8b80ed0e, R11=0x0000000000000000
R12=0x0000000000000000, R13=0x0000000186e51bf0, R14=0x0000000125287440, R15=0x00007f9901a35800
RIP=0x00007fff99bfe4dd, EFLAGS=0x0000000000010246, ERR=0x0000000000000004
  TRAPNO=0x000000000000000e

Top of Stack: (sp=0x00007fff53b60478)
0x00007fff53b60478:   0000000125285157 00007fff53b604d0
0x00007fff53b60488:   0000000000000003 00007fff53b604b0
0x00007fff53b60498:   000000010c5089a6 0000000186e51bf0
0x00007fff53b604a8:   0000000186e51bf0 00007f9903a80630
0x00007fff53b604b8:   00000001252876a0 0000000125287710
0x00007fff53b604c8:   00007fff7ae1f770 00007fff7c3dc500
0x00007fff53b604d8:   0000000125287450 0000000125287690
0x00007fff53b604e8:   00007f9903a80630 00007f9900cd1ac0
0x00007fff53b604f8:   00007f9900d6d000 00007f9903a80630
0x00007fff53b60508:   00007f9900cd1ac0 00007fff53b605b0
0x00007fff53b60518:   00007f9901a359f8 0000000186e51bf0
0x00007fff53b60528:   00007fff53b605d8 00007fff53b605a0
0x00007fff53b60538:   000000010d8134d4 00007fff53b605a0
0x00007fff53b60548:   000000010d813259 000000010d81f383
0x00007fff53b60558:   000000010d813222 00007fff53b60560
0x00007fff53b60568:   0000000186e51bf0 00007fff53b605d8
0x00007fff53b60578:   0000000186e75028 0000000000000000
0x00007fff53b60588:   0000000186e51bf0 0000000000000000
0x00007fff53b60598:   00007fff53b605c0 00007fff53b60620
0x00007fff53b605a8:   000000010d80798d 0000000797bb1aa8
0x00007fff53b605b8:   000000010d80f2b8 00007f9903a80630
0x00007fff53b605c8:   000000010d810af9 00007f9900cd1ac0
0x00007fff53b605d8:   000000010d810ac2 00007fff53b605e0
0x00007fff53b605e8:   0000000186e51dba 00007fff53b60648
0x00007fff53b605f8:   0000000186e75028 0000000000000000
0x00007fff53b60608:   0000000186e51dc8 00007fff53b605c0
0x00007fff53b60618:   00007fff53b60630 00007fff53b60690
0x00007fff53b60628:   000000010d80798d 00007f9903a80630
0x00007fff53b60638:   0000000797b6d788 00007f9900cd1ac0
0x00007fff53b60648:   0000000797b6d788 00007fff53b60650
0x00007fff53b60658:   000000018c0a279e 00007fff53b606a0
0x00007fff53b60668:   000000018c0a2858 0000000000000000 

Instructions: (pc=0x00007fff99bfe4dd)
0x00007fff99bfe4bd:   44 00 00 48 85 ff 2e 74 62 40 f6 c7 01 2e 75 66
0x00007fff99bfe4cd:   49 bb f8 ff ff ff ff 7f 00 00 4c 23 1f 49 89 f2
0x00007fff99bfe4dd:   45 23 53 18 49 c1 e2 04 4d 03 53 10 49 3b 32 75
0x00007fff99bfe4ed:   04 41 ff 62 08 49 83 3a 01 76 0d 49 83 c2 10 49 

Register to memory mapping:

RAX=0x00007f9903a80630 is an unknown value
RBX=0x0000000125287450: Java_jogamp_nativewindow_macosx_OSXUtil_GetScreenRefreshRate0+0x1cf0 in /private/var/folders/hv/42cns_pd3rngtnlglvbsk1kh0000gn/T/jogamp_0000/file_cache/jln958967168680396502/jln1964175476261161937/libnativewindow_macosx.jnilib at 0x0000000125280000
RCX=0x00000001252b5980 is an unknown value
RDX=0x00000001252b54e0 is an unknown value
RSP=0x00007fff53b60478 is pointing into the stack for thread: 0x00007f9901a35800
RBP=0x00007fff53b60530 is pointing into the stack for thread: 0x00007f9901a35800
RSI=0x00007fff8b80ed0e is an unknown value
RDI=0x00007f9900cd1ac0 is an unknown value
R8 =0x0000000000000000 is an unknown value
R9 =0x00000000000008c0 is an unknown value
R10=0x00007fff8b80ed0e is an unknown value
R11=0x0000000000000000 is an unknown value
R12=0x0000000000000000 is an unknown value
R13={method} {0x0000000186e51bf0} 'UnsetJAWTRootSurfaceLayer0' '(JJ)V' in 'jogamp/nativewindow/jawt/macosx/MacOSXJAWTWindow'
R14=0x0000000125287440: Java_jogamp_nativewindow_macosx_OSXUtil_GetScreenRefreshRate0+0x1ce0 in /private/var/folders/hv/42cns_pd3rngtnlglvbsk1kh0000gn/T/jogamp_0000/file_cache/jln958967168680396502/jln1964175476261161937/libnativewindow_macosx.jnilib at 0x0000000125280000
R15=0x00007f9901a35800 is a thread


Stack: [0x00007fff53365000,0x00007fff53b65000],  sp=0x00007fff53b60478,  free space=8173k
Native frames: (J=compiled Java code, j=interpreted, Vv=VM code, C=native code)
C  [libobjc.A.dylib+0x14dd]  objc_msgSend+0x1d
j  jogamp.nativewindow.jawt.macosx.MacOSXJAWTWindow.UnsetJAWTRootSurfaceLayer0(JJ)V+0
j  jogamp.nativewindow.jawt.macosx.MacOSXJAWTWindow.access$200(JJ)V+2
j  jogamp.nativewindow.jawt.macosx.MacOSXJAWTWindow$1.run()V+38
j  com.jogamp.common.util.RunnableTask.run()V+24
v  ~StubRoutines::call_stub
V  [libjvm.dylib+0x2eab02]  JavaCalls::call_helper(JavaValue*, methodHandle*, JavaCallArguments*, Thread*)+0x6ae
V  [libjvm.dylib+0x321bab]  jni_invoke_nonstatic(JNIEnv_*, JavaValue*, _jobject*, JNICallType, _jmethodID*, JNI_ArgumentPusher*, Thread*)+0x2ec
V  [libjvm.dylib+0x31437f]  jni_CallVoidMethod+0x16b
C  [libnativewindow_macosx.jnilib+0x5326]  Java_jogamp_nativewindow_jawt_macosx_MacOSXJAWTWindow_UnsetJAWTRootSurfaceLayer0+0x2b6
C  [Foundation+0x8dd4b]  __NSThreadPerformPerform+0x117
C  [CoreFoundation+0x7e5c1]  __CFRUNLOOP_IS_CALLING_OUT_TO_A_SOURCE0_PERFORM_FUNCTION__+0x11
C  [CoreFoundation+0x70397]  __CFRunLoopDoSources0+0x1a7
C  [CoreFoundation+0x6f93f]  __CFRunLoopRun+0x39f
C  [CoreFoundation+0x6f338]  CFRunLoopRunSpecific+0x128
C  [HIToolbox+0x30935]  RunCurrentEventLoopInMode+0xeb
C  [HIToolbox+0x30677]  ReceiveNextEventCommon+0xb8
C  [HIToolbox+0x305af]  _BlockUntilNextEventMatchingListInModeWithFilter+0x47
C  [AppKit+0x8a0ee]  _DPSNextEvent+0x42b
C  [AppKit+0x456943]  -[NSApplication _nextEventMatchingEventMask:untilDate:inMode:dequeue:]+0x1c6
C  [libosxapp.dylib+0x23aa]  -[NSApplicationAWT nextEventMatchingMask:untilDate:inMode:dequeue:]+0x7c
C  [AppKit+0x7ffc8]  -[NSApplication run]+0x2aa
C  [libosxapp.dylib+0x214d]  +[NSApplicationAWT runAWTLoopWithApp:]+0x9c
C  [libawt_lwawt.dylib+0x44517]  -[AWTStarter starter:]+0x389
C  [Foundation+0x8dd4b]  __NSThreadPerformPerform+0x117
C  [CoreFoundation+0x7e5c1]  __CFRUNLOOP_IS_CALLING_OUT_TO_A_SOURCE0_PERFORM_FUNCTION__+0x11
C  [CoreFoundation+0x7041c]  __CFRunLoopDoSources0+0x22c
C  [CoreFoundation+0x6f93f]  __CFRunLoopRun+0x39f
C  [CoreFoundation+0x6f338]  CFRunLoopRunSpecific+0x128
C  [java+0x6463]  CreateExecutionEnvironment+0x367
C  [java+0x21ac]  JLI_Launch+0x7a0
C  [java+0x84c0]  main+0x65
C  [java+0x1a04]  start+0x34
C  0x0000000000000007

Java frames: (J=compiled Java code, j=interpreted, Vv=VM code)
j  jogamp.nativewindow.jawt.macosx.MacOSXJAWTWindow.UnsetJAWTRootSurfaceLayer0(JJ)V+0
j  jogamp.nativewindow.jawt.macosx.MacOSXJAWTWindow.access$200(JJ)V+2
j  jogamp.nativewindow.jawt.macosx.MacOSXJAWTWindow$1.run()V+38
j  com.jogamp.common.util.RunnableTask.run()V+24
v  ~StubRoutines::call_stub

---------------  P R O C E S S  ---------------

Java Threads: ( => current thread )
  0x00007f9904342800 JavaThread "Thread-19" [_thread_blocked, id=66315, stack(0x0000700001768000,0x0000700001868000)]
  0x00007f9904341000 JavaThread "Keep-Alive-Timer" daemon [_thread_blocked, id=64379, stack(0x0000700001b74000,0x0000700001c74000)]
  0x00007f9901eb9000 JavaThread "AWT-EventQueue-1" [_thread_in_native, id=57619, stack(0x00007000015e2000,0x00007000016e2000)]
  0x00007f9901e44800 JavaThread "DestroyJavaVM" [_thread_blocked, id=4099, stack(0x0000700000084000,0x0000700000184000)]
  0x00007f9901bd1800 JavaThread "AWT-EventQueue-0" [_thread_blocked, id=55303, stack(0x00007000013dc000,0x00007000014dc000)]
  0x00007f9901b28000 JavaThread "Java2D Disposer" daemon [_thread_blocked, id=51715, stack(0x0000700001153000,0x0000700001253000)]
  0x00007f9901273000 JavaThread "Java2D Queue Flusher" daemon [_thread_blocked, id=48647, stack(0x0000700001050000,0x0000700001150000)]
  0x00007f9901a48000 JavaThread "AWT-Shutdown" [_thread_blocked, id=28695, stack(0x0000700000e47000,0x0000700000f47000)]
=>0x00007f9901a35800 JavaThread "AWT-AppKit" daemon [_thread_in_native, id=2571, stack(0x00007fff53365000,0x00007fff53b65000)]
  0x00007f990105b800 JavaThread "Service Thread" daemon [_thread_blocked, id=17155, stack(0x0000700000b3b000,0x0000700000c3b000)]
  0x00007f9901038800 JavaThread "C1 CompilerThread1" daemon [_thread_blocked, id=16643, stack(0x0000700000a38000,0x0000700000b38000)]
  0x00007f9901855000 JavaThread "C2 CompilerThread0" daemon [_thread_blocked, id=16131, stack(0x0000700000935000,0x0000700000a35000)]
  0x00007f9901867000 JavaThread "Signal Dispatcher" daemon [_thread_blocked, id=15631, stack(0x0000700000832000,0x0000700000932000)]
  0x00007f990104f800 JavaThread "Finalizer" daemon [_thread_blocked, id=10755, stack(0x0000700000629000,0x0000700000729000)]
  0x00007f990100b000 JavaThread "Reference Handler" daemon [_thread_blocked, id=10243, stack(0x0000700000526000,0x0000700000626000)]

Other Threads:
  0x00007f9901827800 VMThread [stack: 0x0000700000423000,0x0000700000523000] [id=9731]
  0x00007f990105c800 WatcherThread [stack: 0x0000700000c3e000,0x0000700000d3e000] [id=17667]

VM state:not at safepoint (normal execution)

VM Mutex/Monitor currently owned by a thread: None

Heap:
 PSYoungGen      total 38400K, used 33885K [0x0000000795580000, 0x0000000798000000, 0x00000007c0000000)
  eden space 33280K, 86% used [0x0000000795580000,0x000000079719a1a0,0x0000000797600000)
  from space 5120K, 99% used [0x0000000797b00000,0x0000000797ffd260,0x0000000798000000)
  to   space 5120K, 0% used [0x0000000797600000,0x0000000797600000,0x0000000797b00000)
 ParOldGen       total 87552K, used 9747K [0x0000000740000000, 0x0000000745580000, 0x0000000795580000)
  object space 87552K, 11% used [0x0000000740000000,0x0000000740984fa8,0x0000000745580000)
 Metaspace       used 20525K, capacity 20747K, committed 20864K, reserved 1069056K
  class space    used 2027K, capacity 2110K, committed 2176K, reserved 1048576K

Card table byte_map: [0x000000011cbc0000,0x000000011cfc1000] byte_map_base: 0x00000001191c0000

Marking Bits: (ParMarkBitMap*) 0x000000010cbf5e20
 Begin Bits: [0x000000011d26c000, 0x000000011f26c000)
 End Bits:   [0x000000011f26c000, 0x000000012126c000)

Polling page: 0x000000010d2e3000

CodeCache: size=245760Kb used=7003Kb max_used=7003Kb free=238756Kb
 bounds [0x000000010d800000, 0x000000010def0000, 0x000000011c800000]
 total_blobs=2842 nmethods=1957 adapters=801
 compilation: enabled

Compilation events (10 events):
Event: 12.229 Thread 0x00007f9901038800 2116       3       jogamp.common.util.locks.RecursiveLockImpl01Unfairish$SingleThreadSync::isOwner (14 bytes)
Event: 12.230 Thread 0x00007f9901038800 nmethod 2116 0x000000010ded7650 code [0x000000010ded77c0, 0x000000010ded7a10]
Event: 12.262 Thread 0x00007f9901855000 2117  s!   4       sun.misc.URLClassPath::getLoader (197 bytes)
Event: 12.272 Thread 0x00007f9901855000 nmethod 2117 0x000000010dedae90 code [0x000000010dedb000, 0x000000010dedb7f8]
Event: 12.272 Thread 0x00007f9901038800 2118   !   3       sun.misc.URLClassPath$JarLoader::getResource (349 bytes)
Event: 12.276 Thread 0x00007f9901038800 nmethod 2118 0x000000010dedbb90 code [0x000000010dedc000, 0x000000010dede558]
Event: 12.287 Thread 0x00007f9901038800 2119       1       java.awt.Component::isEnabledImpl (5 bytes)
Event: 12.287 Thread 0x00007f9901038800 nmethod 2119 0x000000010decd590 code [0x000000010decd6e0, 0x000000010decd7f0]
Event: 12.287 Thread 0x00007f9901038800 2120   !   3       sun.lwawt.LWComponentPeer::isShowing (49 bytes)
Event: 12.288 Thread 0x00007f9901038800 nmethod 2120 0x000000010deda150 code [0x000000010deda300, 0x000000010dedabe8]

GC Heap History (4 events):
Event: 3.229 GC heap before
{Heap before GC invocations=1 (full 0):
 PSYoungGen      total 38400K, used 33280K [0x0000000795580000, 0x0000000798000000, 0x00000007c0000000)
  eden space 33280K, 100% used [0x0000000795580000,0x0000000797600000,0x0000000797600000)
  from space 5120K, 0% used [0x0000000797b00000,0x0000000797b00000,0x0000000798000000)
  to   space 5120K, 0% used [0x0000000797600000,0x0000000797600000,0x0000000797b00000)
 ParOldGen       total 87552K, used 0K [0x0000000740000000, 0x0000000745580000, 0x0000000795580000)
  object space 87552K, 0% used [0x0000000740000000,0x0000000740000000,0x0000000745580000)
 Metaspace       used 15558K, capacity 15765K, committed 16000K, reserved 1062912K
  class space    used 1572K, capacity 1627K, committed 1664K, reserved 1048576K
Event: 3.243 GC heap after
Heap after GC invocations=1 (full 0):
 PSYoungGen      total 38400K, used 4847K [0x0000000795580000, 0x0000000798000000, 0x00000007c0000000)
  eden space 33280K, 0% used [0x0000000795580000,0x0000000795580000,0x0000000797600000)
  from space 5120K, 94% used [0x0000000797600000,0x0000000797abbf20,0x0000000797b00000)
  to   space 5120K, 0% used [0x0000000797b00000,0x0000000797b00000,0x0000000798000000)
 ParOldGen       total 87552K, used 8K [0x0000000740000000, 0x0000000745580000, 0x0000000795580000)
  object space 87552K, 0% used [0x0000000740000000,0x0000000740002000,0x0000000745580000)
 Metaspace       used 15558K, capacity 15765K, committed 16000K, reserved 1062912K
  class space    used 1572K, capacity 1627K, committed 1664K, reserved 1048576K
}
Event: 5.957 GC heap before
{Heap before GC invocations=2 (full 0):
 PSYoungGen      total 38400K, used 38019K [0x0000000795580000, 0x0000000798000000, 0x00000007c0000000)
  eden space 33280K, 99% used [0x0000000795580000,0x00000007975e5098,0x0000000797600000)
  from space 5120K, 94% used [0x0000000797600000,0x0000000797abbf20,0x0000000797b00000)
  to   space 5120K, 0% used [0x0000000797b00000,0x0000000797b00000,0x0000000798000000)
 ParOldGen       total 87552K, used 264K [0x0000000740000000, 0x0000000745580000, 0x0000000795580000)
  object space 87552K, 0% used [0x0000000740000000,0x0000000740042010,0x0000000745580000)
 Metaspace       used 20029K, capacity 20283K, committed 20608K, reserved 1067008K
  class space    used 2016K, capacity 2108K, committed 2176K, reserved 1048576K
Event: 5.988 GC heap after
Heap after GC invocations=2 (full 0):
 PSYoungGen      total 38400K, used 5108K [0x0000000795580000, 0x0000000798000000, 0x00000007c0000000)
  eden space 33280K, 0% used [0x0000000795580000,0x0000000795580000,0x0000000797600000)
  from space 5120K, 99% used [0x0000000797b00000,0x0000000797ffd260,0x0000000798000000)
  to   space 5120K, 0% used [0x0000000797600000,0x0000000797600000,0x0000000797b00000)
 ParOldGen       total 87552K, used 9747K [0x0000000740000000, 0x0000000745580000, 0x0000000795580000)
  object space 87552K, 11% used [0x0000000740000000,0x0000000740984fa8,0x0000000745580000)
 Metaspace       used 20029K, capacity 20283K, committed 20608K, reserved 1067008K
  class space    used 2016K, capacity 2108K, committed 2176K, reserved 1048576K
}

Deoptimization events (10 events):
Event: 2.436 Thread 0x00007f9901011000 Uncommon trap: reason=unstable_if action=reinterpret pc=0x000000010d9e0920 method=java.lang.String.toLowerCase(Ljava/util/Locale;)Ljava/lang/String; @ 85
Event: 2.747 Thread 0x00007f990158d000 Uncommon trap: reason=unstable_if action=reinterpret pc=0x000000010da72890 method=java.lang.String.lastIndexOf([CII[CIII)I @ 66
Event: 2.814 Thread 0x00007f990158d000 Uncommon trap: reason=unstable_if action=reinterpret pc=0x000000010da599e0 method=java.lang.String.indexOf([CII[CIII)I @ 3
Event: 2.814 Thread 0x00007f990158d000 Uncommon trap: reason=unstable_if action=reinterpret pc=0x000000010da429cc method=java.lang.String.indexOf([CII[CIII)I @ 3
Event: 2.814 Thread 0x00007f990158d000 Uncommon trap: reason=unstable_if action=reinterpret pc=0x000000010d9ccf8c method=java.lang.String.indexOf([CII[CIII)I @ 3
Event: 4.708 Thread 0x00007f9901eb9000 Uncommon trap: reason=unstable_if action=reinterpret pc=0x000000010d9b606c method=java.lang.AbstractStringBuilder.append(Ljava/lang/String;)Ljava/lang/AbstractStringBuilder; @ 1
Event: 5.321 Thread 0x00007f9901eb9000 Uncommon trap: reason=unstable_if action=reinterpret pc=0x000000010dc5e47c method=com.jogamp.common.util.IntIntHashMap.get(I)I @ 28
Event: 5.460 Thread 0x00007f9901eb9000 Uncommon trap: reason=unstable_if action=reinterpret pc=0x000000010dc95670 method=processing.core.PApplet.max(III)I @ 20
Event: 6.265 Thread 0x00007f9901eb9000 Uncommon trap: reason=unstable_if action=reinterpret pc=0x000000010dd5d7d4 method=processing.opengl.PGraphicsOpenGL$TessGeometry.polyIndexCheck(I)V @ 13
Event: 12.245 Thread 0x00007f9901306000 Uncommon trap: reason=unstable_if action=reinterpret pc=0x000000010dc67840 method=java.util.HashMap.putVal(ILjava/lang/Object;Ljava/lang/Object;ZZ)Ljava/lang/Object; @ 81

Internal exceptions (10 events):
Event: 0.284 Thread 0x00007f9901011000 Exception <a 'java/lang/NoSuchFieldError': method resolution failed> (0x0000000795879e28) thrown at [/Users/java_re/workspace/8-2-build-macosx-x86_64/jdk8u65/4987/hotspot/src/share/vm/prims/methodHandles.cpp, line 1146]
Event: 0.286 Thread 0x00007f9901011000 Exception <a 'java/lang/NoSuchFieldError': method resolution failed> (0x00000007958875f8) thrown at [/Users/java_re/workspace/8-2-build-macosx-x86_64/jdk8u65/4987/hotspot/src/share/vm/prims/methodHandles.cpp, line 1146]
Event: 0.572 Thread 0x00007f9901011000 Exception <a 'java/io/FileNotFoundException'> (0x0000000795903350) thrown at [/Users/java_re/workspace/8-2-build-macosx-x86_64/jdk8u65/4987/hotspot/src/share/vm/prims/jni.cpp, line 709]
Event: 0.572 Thread 0x00007f9901011000 Exception <a 'java/io/FileNotFoundException'> (0x0000000795903eb0) thrown at [/Users/java_re/workspace/8-2-build-macosx-x86_64/jdk8u65/4987/hotspot/src/share/vm/prims/jni.cpp, line 709]
Event: 0.771 Thread 0x00007f9901011000 Exception <a 'java/io/FileNotFoundException'> (0x0000000795ae94b8) thrown at [/Users/java_re/workspace/8-2-build-macosx-x86_64/jdk8u65/4987/hotspot/src/share/vm/prims/jni.cpp, line 709]
Event: 2.860 Thread 0x00007f990158d000 Exception <a 'java/lang/UnsatisfiedLinkError': com.jogamp.common.util.JarUtil.fixNativeLibAttribs(Ljava/lang/String;)Z> (0x0000000796cd5bf8) thrown at [/Users/java_re/workspace/8-2-build-macosx-x86_64/jdk8u65/4987/hotspot/src/share/vm/prims/nativeLookup.c
Event: 3.247 Thread 0x00007f990104f800 Exception <a 'java/lang/NullPointerException'> (0x0000000795626708) thrown at [/Users/java_re/workspace/8-2-build-macosx-x86_64/jdk8u65/4987/hotspot/src/share/vm/interpreter/linkResolver.cpp, line 1178]
Event: 4.707 Thread 0x00007f9901eb9000 Exception <a 'java/io/FileNotFoundException'> (0x0000000796256d48) thrown at [/Users/java_re/workspace/8-2-build-macosx-x86_64/jdk8u65/4987/hotspot/src/share/vm/prims/jni.cpp, line 709]
Event: 4.707 Thread 0x00007f9901eb9000 Exception <a 'java/io/FileNotFoundException'> (0x000000079625e308) thrown at [/Users/java_re/workspace/8-2-build-macosx-x86_64/jdk8u65/4987/hotspot/src/share/vm/prims/jni.cpp, line 709]
Event: 4.707 Thread 0x00007f9901eb9000 Implicit null exception at 0x000000010d9b5cb3 to 0x000000010d9b6059

Events (10 events):
Event: 12.264 loading class jogamp/nativewindow/jawt/macosx/MacOSXJAWTWindow$1 done
Event: 12.275 Executing VM operation: RevokeBias
Event: 12.275 Executing VM operation: RevokeBias done
Event: 12.276 loading class java/awt/LightweightDispatcher$2
Event: 12.276 loading class java/awt/LightweightDispatcher$2 done
Event: 12.276 loading class java/awt/event/AWTEventListenerProxy
Event: 12.277 loading class java/awt/event/AWTEventListenerProxy done
Event: 12.277 loading class java/awt/Toolkit$ToolkitEventMulticaster
Event: 12.277 loading class java/awt/Toolkit$ToolkitEventMulticaster done
Event: 12.288 Thread 0x00007f9901306000 Thread exited: 0x00007f9901306000


Dynamic libraries:
0x0000000009135000 	/System/Library/Frameworks/Cocoa.framework/Versions/A/Cocoa
0x0000000009135000 	/System/Library/Frameworks/Security.framework/Versions/A/Security
0x0000000009135000 	/System/Library/Frameworks/ApplicationServices.framework/Versions/A/ApplicationServices
0x0000000009135000 	/usr/lib/libz.1.dylib
0x0000000009135000 	/usr/lib/libSystem.B.dylib
0x0000000009135000 	/usr/lib/libobjc.A.dylib
0x0000000009135000 	/System/Library/Frameworks/CoreFoundation.framework/Versions/A/CoreFoundation
0x0000000009135000 	/System/Library/Frameworks/Foundation.framework/Versions/C/Foundation
0x0000000009135000 	/System/Library/Frameworks/AppKit.framework/Versions/C/AppKit
0x0000000009135000 	/System/Library/Frameworks/CoreData.framework/Versions/A/CoreData
0x0000000009135000 	/System/Library/PrivateFrameworks/RemoteViewServices.framework/Versions/A/RemoteViewServices
0x0000000009135000 	/System/Library/PrivateFrameworks/UIFoundation.framework/Versions/A/UIFoundation
0x0000000009135000 	/usr/lib/libScreenReader.dylib
0x0000000009135000 	/System/Library/Frameworks/Accelerate.framework/Versions/A/Accelerate
0x0000000009135000 	/System/Library/Frameworks/IOSurface.framework/Versions/A/IOSurface
0x0000000009135000 	/System/Library/Frameworks/AudioToolbox.framework/Versions/A/AudioToolbox
0x0000000009135000 	/System/Library/Frameworks/AudioUnit.framework/Versions/A/AudioUnit
0x0000000009135000 	/System/Library/PrivateFrameworks/DataDetectorsCore.framework/Versions/A/DataDetectorsCore
0x0000000009135000 	/System/Library/PrivateFrameworks/DesktopServicesPriv.framework/Versions/A/DesktopServicesPriv
0x0000000009135000 	/System/Library/Frameworks/Carbon.framework/Versions/A/Frameworks/HIToolbox.framework/Versions/A/HIToolbox
0x0000000009135000 	/System/Library/Frameworks/QuartzCore.framework/Versions/A/QuartzCore
0x0000000009135000 	/System/Library/Frameworks/Carbon.framework/Versions/A/Frameworks/SpeechRecognition.framework/Versions/A/SpeechRecognition
0x0000000009135000 	/usr/lib/libauto.dylib
0x0000000009135000 	/usr/lib/libicucore.A.dylib
0x0000000009135000 	/usr/lib/libxml2.2.dylib
0x0000000009135000 	/System/Library/PrivateFrameworks/CoreUI.framework/Versions/A/CoreUI
0x0000000009135000 	/System/Library/Frameworks/CoreAudio.framework/Versions/A/CoreAudio
0x0000000009135000 	/System/Library/Frameworks/DiskArbitration.framework/Versions/A/DiskArbitration
0x0000000009135000 	/usr/lib/liblangid.dylib
0x0000000009135000 	/System/Library/PrivateFrameworks/MultitouchSupport.framework/Versions/A/MultitouchSupport
0x0000000009135000 	/System/Library/Frameworks/IOKit.framework/Versions/A/IOKit
0x0000000009135000 	/usr/lib/libDiagnosticMessagesClient.dylib
0x0000000009135000 	/System/Library/Frameworks/CoreServices.framework/Versions/A/CoreServices
0x0000000009135000 	/System/Library/PrivateFrameworks/PerformanceAnalysis.framework/Versions/A/PerformanceAnalysis
0x0000000009135000 	/System/Library/PrivateFrameworks/GenerationalStorage.framework/Versions/A/GenerationalStorage
0x0000000009135000 	/System/Library/Frameworks/OpenGL.framework/Versions/A/OpenGL
0x0000000009135000 	/System/Library/PrivateFrameworks/Sharing.framework/Versions/A/Sharing
0x0000000009135000 	/System/Library/Frameworks/CoreGraphics.framework/Versions/A/CoreGraphics
0x0000000009135000 	/System/Library/Frameworks/CoreImage.framework/Versions/A/CoreImage
0x0000000009135000 	/System/Library/Frameworks/CoreText.framework/Versions/A/CoreText
0x0000000009135000 	/System/Library/Frameworks/ImageIO.framework/Versions/A/ImageIO
0x0000000009135000 	/System/Library/PrivateFrameworks/Backup.framework/Versions/A/Backup
0x0000000009135000 	/usr/lib/libextension.dylib
0x0000000009135000 	/usr/lib/libarchive.2.dylib
0x0000000009135000 	/System/Library/Frameworks/CFNetwork.framework/Versions/A/CFNetwork
0x0000000009135000 	/System/Library/Frameworks/SystemConfiguration.framework/Versions/A/SystemConfiguration
0x0000000009135000 	/usr/lib/libCRFSuite.dylib
0x0000000009135000 	/usr/lib/libc++.1.dylib
0x0000000009135000 	/usr/lib/libc++abi.dylib
0x0000000009135000 	/usr/lib/system/libcache.dylib
0x0000000009135000 	/usr/lib/system/libcommonCrypto.dylib
0x0000000009135000 	/usr/lib/system/libcompiler_rt.dylib
0x0000000009135000 	/usr/lib/system/libcopyfile.dylib
0x0000000009135000 	/usr/lib/system/libcorecrypto.dylib
0x0000000009135000 	/usr/lib/system/libdispatch.dylib
0x0000000009135000 	/usr/lib/system/libdyld.dylib
0x0000000009135000 	/usr/lib/system/libkeymgr.dylib
0x0000000009135000 	/usr/lib/system/liblaunch.dylib
0x0000000009135000 	/usr/lib/system/libmacho.dylib
0x0000000009135000 	/usr/lib/system/libquarantine.dylib
0x0000000009135000 	/usr/lib/system/libremovefile.dylib
0x0000000009135000 	/usr/lib/system/libsystem_asl.dylib
0x0000000009135000 	/usr/lib/system/libsystem_blocks.dylib
0x0000000009135000 	/usr/lib/system/libsystem_c.dylib
0x0000000009135000 	/usr/lib/system/libsystem_configuration.dylib
0x0000000009135000 	/usr/lib/system/libsystem_coreservices.dylib
0x0000000009135000 	/usr/lib/system/libsystem_coretls.dylib
0x0000000009135000 	/usr/lib/system/libsystem_dnssd.dylib
0x0000000009135000 	/usr/lib/system/libsystem_info.dylib
0x0000000009135000 	/usr/lib/system/libsystem_kernel.dylib
0x0000000009135000 	/usr/lib/system/libsystem_m.dylib
0x0000000009135000 	/usr/lib/system/libsystem_malloc.dylib
0x0000000009135000 	/usr/lib/system/libsystem_network.dylib
0x0000000009135000 	/usr/lib/system/libsystem_networkextension.dylib
0x0000000009135000 	/usr/lib/system/libsystem_notify.dylib
0x0000000009135000 	/usr/lib/system/libsystem_platform.dylib
0x0000000009135000 	/usr/lib/system/libsystem_pthread.dylib
0x0000000009135000 	/usr/lib/system/libsystem_sandbox.dylib
0x0000000009135000 	/usr/lib/system/libsystem_secinit.dylib
0x0000000009135000 	/usr/lib/system/libsystem_trace.dylib
0x0000000009135000 	/usr/lib/system/libunc.dylib
0x0000000009135000 	/usr/lib/system/libunwind.dylib
0x0000000009135000 	/usr/lib/system/libxpc.dylib
0x0000000009135000 	/usr/lib/libenergytrace.dylib
0x0000000009135000 	/usr/lib/libbsm.0.dylib
0x0000000009135000 	/usr/lib/system/libkxld.dylib
0x0000000009135000 	/usr/lib/libxar.1.dylib
0x0000000009135000 	/usr/lib/libsqlite3.dylib
0x0000000009135000 	/usr/lib/libpam.2.dylib
0x0000000009135000 	/usr/lib/libOpenScriptingUtil.dylib
0x0000000009135000 	/usr/lib/libbz2.1.0.dylib
0x0000000009135000 	/usr/lib/liblzma.5.dylib
0x0000000009135000 	/System/Library/Frameworks/CoreServices.framework/Versions/A/Frameworks/FSEvents.framework/Versions/A/FSEvents
0x0000000009135000 	/System/Library/Frameworks/CoreServices.framework/Versions/A/Frameworks/CarbonCore.framework/Versions/A/CarbonCore
0x0000000009135000 	/System/Library/Frameworks/CoreServices.framework/Versions/A/Frameworks/Metadata.framework/Versions/A/Metadata
0x0000000009135000 	/System/Library/Frameworks/CoreServices.framework/Versions/A/Frameworks/OSServices.framework/Versions/A/OSServices
0x0000000009135000 	/System/Library/Frameworks/CoreServices.framework/Versions/A/Frameworks/SearchKit.framework/Versions/A/SearchKit
0x0000000009135000 	/System/Library/Frameworks/CoreServices.framework/Versions/A/Frameworks/AE.framework/Versions/A/AE
0x0000000009135000 	/System/Library/Frameworks/CoreServices.framework/Versions/A/Frameworks/LaunchServices.framework/Versions/A/LaunchServices
0x0000000009135000 	/System/Library/Frameworks/CoreServices.framework/Versions/A/Frameworks/DictionaryServices.framework/Versions/A/DictionaryServices
0x0000000009135000 	/System/Library/Frameworks/CoreServices.framework/Versions/A/Frameworks/SharedFileList.framework/Versions/A/SharedFileList
0x0000000009135000 	/System/Library/Frameworks/NetFS.framework/Versions/A/NetFS
0x0000000009135000 	/System/Library/PrivateFrameworks/NetAuth.framework/Versions/A/NetAuth
0x0000000009135000 	/System/Library/PrivateFrameworks/login.framework/Versions/A/Frameworks/loginsupport.framework/Versions/A/loginsupport
0x0000000009135000 	/System/Library/PrivateFrameworks/TCC.framework/Versions/A/TCC
0x0000000009135000 	/usr/lib/libmecabra.dylib
0x0000000009135000 	/System/Library/Frameworks/ApplicationServices.framework/Versions/A/Frameworks/ATS.framework/Versions/A/ATS
0x0000000009135000 	/System/Library/Frameworks/ApplicationServices.framework/Versions/A/Frameworks/ColorSync.framework/Versions/A/ColorSync
0x0000000009135000 	/System/Library/Frameworks/ApplicationServices.framework/Versions/A/Frameworks/HIServices.framework/Versions/A/HIServices
0x0000000009135000 	/System/Library/Frameworks/ApplicationServices.framework/Versions/A/Frameworks/LangAnalysis.framework/Versions/A/LangAnalysis
0x0000000009135000 	/System/Library/Frameworks/ApplicationServices.framework/Versions/A/Frameworks/PrintCore.framework/Versions/A/PrintCore
0x0000000009135000 	/System/Library/Frameworks/ApplicationServices.framework/Versions/A/Frameworks/QD.framework/Versions/A/QD
0x0000000009135000 	/System/Library/Frameworks/ApplicationServices.framework/Versions/A/Frameworks/SpeechSynthesis.framework/Versions/A/SpeechSynthesis
0x0000000009135000 	/System/Library/Frameworks/Metal.framework/Versions/A/Metal
0x0000000009135000 	/System/Library/Frameworks/Accelerate.framework/Versions/A/Frameworks/vImage.framework/Versions/A/vImage
0x0000000009135000 	/System/Library/Frameworks/Accelerate.framework/Versions/A/Frameworks/vecLib.framework/Versions/A/vecLib
0x0000000009135000 	/System/Library/Frameworks/Accelerate.framework/Versions/A/Frameworks/vecLib.framework/Versions/A/libvDSP.dylib
0x0000000009135000 	/System/Library/Frameworks/Accelerate.framework/Versions/A/Frameworks/vecLib.framework/Versions/A/libvMisc.dylib
0x0000000009135000 	/System/Library/Frameworks/Accelerate.framework/Versions/A/Frameworks/vecLib.framework/Versions/A/libLAPACK.dylib
0x0000000009135000 	/System/Library/Frameworks/Accelerate.framework/Versions/A/Frameworks/vecLib.framework/Versions/A/libBLAS.dylib
0x0000000009135000 	/System/Library/Frameworks/Accelerate.framework/Versions/A/Frameworks/vecLib.framework/Versions/A/libLinearAlgebra.dylib
0x0000000009135000 	/System/Library/Frameworks/Accelerate.framework/Versions/A/Frameworks/vecLib.framework/Versions/A/libSparseBLAS.dylib
0x0000000009135000 	/System/Library/PrivateFrameworks/GPUCompiler.framework/libmetal_timestamp.dylib
0x0000000009135000 	/System/Library/Frameworks/OpenGL.framework/Versions/A/Libraries/libCoreFSCache.dylib
0x0000000009135000 	/System/Library/PrivateFrameworks/IOAccelerator.framework/Versions/A/IOAccelerator
0x0000000009135000 	/System/Library/Frameworks/ApplicationServices.framework/Versions/A/Frameworks/ATS.framework/Versions/A/Resources/libFontParser.dylib
0x0000000009135000 	/System/Library/Frameworks/ApplicationServices.framework/Versions/A/Frameworks/ATS.framework/Versions/A/Resources/libFontRegistry.dylib
0x0000000009135000 	/System/Library/PrivateFrameworks/AppleVPA.framework/Versions/A/AppleVPA
0x0000000009135000 	/System/Library/PrivateFrameworks/AppleJPEG.framework/Versions/A/AppleJPEG
0x0000000009135000 	/System/Library/Frameworks/ImageIO.framework/Versions/A/Resources/libJPEG.dylib
0x0000000009135000 	/System/Library/Frameworks/ImageIO.framework/Versions/A/Resources/libTIFF.dylib
0x0000000009135000 	/System/Library/Frameworks/ImageIO.framework/Versions/A/Resources/libPng.dylib
0x0000000009135000 	/System/Library/Frameworks/ImageIO.framework/Versions/A/Resources/libGIF.dylib
0x0000000009135000 	/System/Library/Frameworks/ImageIO.framework/Versions/A/Resources/libJP2.dylib
0x0000000009135000 	/System/Library/Frameworks/ImageIO.framework/Versions/A/Resources/libRadiance.dylib
0x0000000009135000 	/System/Library/Frameworks/CoreVideo.framework/Versions/A/CoreVideo
0x0000000009135000 	/System/Library/Frameworks/OpenGL.framework/Versions/A/Libraries/libGLU.dylib
0x0000000009135000 	/System/Library/Frameworks/OpenGL.framework/Versions/A/Libraries/libGFXShared.dylib
0x0000000009135000 	/System/Library/Frameworks/OpenGL.framework/Versions/A/Libraries/libGL.dylib
0x0000000009135000 	/System/Library/Frameworks/OpenGL.framework/Versions/A/Libraries/libGLImage.dylib
0x0000000009135000 	/System/Library/Frameworks/OpenGL.framework/Versions/A/Libraries/libCVMSPluginSupport.dylib
0x0000000009135000 	/System/Library/Frameworks/OpenGL.framework/Versions/A/Libraries/libCoreVMClient.dylib
0x0000000009135000 	/usr/lib/libcups.2.dylib
0x0000000009135000 	/System/Library/Frameworks/Kerberos.framework/Versions/A/Kerberos
0x0000000009135000 	/System/Library/Frameworks/GSS.framework/Versions/A/GSS
0x0000000009135000 	/usr/lib/libresolv.9.dylib
0x0000000009135000 	/usr/lib/libiconv.2.dylib
0x0000000009135000 	/System/Library/PrivateFrameworks/Heimdal.framework/Versions/A/Heimdal
0x0000000009135000 	/usr/lib/libheimdal-asn1.dylib
0x0000000009135000 	/System/Library/Frameworks/OpenDirectory.framework/Versions/A/OpenDirectory
0x0000000009135000 	/System/Library/PrivateFrameworks/CommonAuth.framework/Versions/A/CommonAuth
0x0000000009135000 	/System/Library/Frameworks/OpenDirectory.framework/Versions/A/Frameworks/CFOpenDirectory.framework/Versions/A/CFOpenDirectory
0x0000000009135000 	/System/Library/Frameworks/SecurityFoundation.framework/Versions/A/SecurityFoundation
0x0000000009135000 	/System/Library/PrivateFrameworks/LanguageModeling.framework/Versions/A/LanguageModeling
0x0000000009135000 	/usr/lib/libmarisa.dylib
0x0000000009135000 	/usr/lib/libChineseTokenizer.dylib
0x0000000009135000 	/usr/lib/libcmph.dylib
0x0000000009135000 	/usr/lib/libcompression.dylib
0x0000000009135000 	/System/Library/Frameworks/ServiceManagement.framework/Versions/A/ServiceManagement
0x0000000009135000 	/usr/lib/libxslt.1.dylib
0x0000000009135000 	/System/Library/Frameworks/Carbon.framework/Versions/A/Frameworks/Ink.framework/Versions/A/Ink
0x0000000009135000 	/usr/lib/libFosl_dynamic.dylib
0x0000000009135000 	/System/Library/PrivateFrameworks/FaceCore.framework/Versions/A/FaceCore
0x0000000009135000 	/System/Library/Frameworks/OpenCL.framework/Versions/A/OpenCL
0x0000000009135000 	/System/Library/PrivateFrameworks/CrashReporterSupport.framework/Versions/A/CrashReporterSupport
0x0000000009135000 	/System/Library/PrivateFrameworks/IconServices.framework/Versions/A/IconServices
0x0000000009135000 	/System/Library/PrivateFrameworks/Apple80211.framework/Versions/A/Apple80211
0x0000000009135000 	/System/Library/Frameworks/CoreWLAN.framework/Versions/A/CoreWLAN
0x0000000009135000 	/System/Library/Frameworks/IOBluetooth.framework/Versions/A/IOBluetooth
0x0000000009135000 	/System/Library/PrivateFrameworks/CoreWiFi.framework/Versions/A/CoreWiFi
0x0000000009135000 	/System/Library/Frameworks/CoreBluetooth.framework/Versions/A/CoreBluetooth
0x0000000009135000 	/System/Library/PrivateFrameworks/ChunkingLibrary.framework/Versions/A/ChunkingLibrary
0x0000000009135000 	/System/Library/PrivateFrameworks/DebugSymbols.framework/Versions/A/DebugSymbols
0x0000000009135000 	/System/Library/PrivateFrameworks/CoreSymbolication.framework/Versions/A/CoreSymbolication
0x0000000009135000 	/System/Library/PrivateFrameworks/Symbolication.framework/Versions/A/Symbolication
0x0000000009135000 	/System/Library/PrivateFrameworks/SpeechRecognitionCore.framework/Versions/A/SpeechRecognitionCore
0x000000010c317000 	/Library/Java/JavaVirtualMachines/jdk1.8.0_65.jdk/Contents/Home/jre/lib/server/libjvm.dylib
0x0000000009135000 	/usr/lib/libstdc++.6.dylib
0x000000010d2a0000 	/Library/Java/JavaVirtualMachines/jdk1.8.0_65.jdk/Contents/Home/jre/lib/libverify.dylib
0x000000010d2ae000 	/Library/Java/JavaVirtualMachines/jdk1.8.0_65.jdk/Contents/Home/jre/lib/libjava.dylib
0x000000010d2f1000 	/Library/Java/JavaVirtualMachines/jdk1.8.0_65.jdk/Contents/Home/jre/lib/libzip.dylib
0x0000000122a26000 	/System/Library/Frameworks/JavaVM.framework/Frameworks/JavaRuntimeSupport.framework/JavaRuntimeSupport
0x0000000122a41000 	/System/Library/Frameworks/JavaVM.framework/Versions/A/Frameworks/JavaNativeFoundation.framework/Versions/A/JavaNativeFoundation
0x0000000122a56000 	/System/Library/Frameworks/JavaVM.framework/Versions/A/JavaVM
0x0000000009135000 	/System/Library/Frameworks/Carbon.framework/Versions/A/Carbon
0x0000000122a63000 	/System/Library/PrivateFrameworks/JavaLaunching.framework/Versions/A/JavaLaunching
0x0000000009135000 	/System/Library/Frameworks/Carbon.framework/Versions/A/Frameworks/CommonPanels.framework/Versions/A/CommonPanels
0x0000000009135000 	/System/Library/Frameworks/Carbon.framework/Versions/A/Frameworks/Help.framework/Versions/A/Help
0x0000000009135000 	/System/Library/Frameworks/Carbon.framework/Versions/A/Frameworks/ImageCapture.framework/Versions/A/ImageCapture
0x0000000009135000 	/System/Library/Frameworks/Carbon.framework/Versions/A/Frameworks/OpenScripting.framework/Versions/A/OpenScripting
0x0000000009135000 	/System/Library/Frameworks/Carbon.framework/Versions/A/Frameworks/Print.framework/Versions/A/Print
0x0000000009135000 	/System/Library/Frameworks/Carbon.framework/Versions/A/Frameworks/SecurityHI.framework/Versions/A/SecurityHI
0x00000001243b7000 	/Library/Java/JavaVirtualMachines/jdk1.8.0_65.jdk/Contents/Home/jre/lib/libawt.dylib
0x000000012445f000 	/Library/Java/JavaVirtualMachines/jdk1.8.0_65.jdk/Contents/Home/jre/lib/./libmlib_image.dylib
0x000000012452b000 	/Library/Java/JavaVirtualMachines/jdk1.8.0_65.jdk/Contents/Home/jre/lib/libawt_lwawt.dylib
0x00000001245e0000 	/Library/Java/JavaVirtualMachines/jdk1.8.0_65.jdk/Contents/Home/jre/lib/./libosxapp.dylib
0x0000000009135000 	/System/Library/Frameworks/ExceptionHandling.framework/Versions/A/ExceptionHandling
0x0000000009135000 	/System/Library/PrivateFrameworks/CoreServicesInternal.framework/Versions/A/CoreServicesInternal
0x0000000009135000 	/System/Library/Frameworks/CoreGraphics.framework/Versions/A/Resources/libRIP.A.dylib
0x0000000009135000 	/System/Library/Frameworks/Accelerate.framework/Versions/A/Frameworks/vImage.framework/Versions/A/Libraries/libCGInterfaces.dylib
0x0000000009135000 	/System/Library/Frameworks/CoreGraphics.framework/Versions/A/Resources/libCGXType.A.dylib
0x0000000009135000 	/System/Library/Frameworks/OpenCL.framework/Versions/A/Libraries/libcldcpuengine.dylib
0x0000000009135000 	/System/Library/PrivateFrameworks/DiskImages.framework/Versions/A/DiskImages
0x0000000009135000 	/System/Library/Frameworks/DiscRecording.framework/Versions/A/DiscRecording
0x0000000009135000 	/usr/lib/libcsfde.dylib
0x0000000009135000 	/usr/lib/libcurl.4.dylib
0x0000000009135000 	/System/Library/PrivateFrameworks/MediaKit.framework/Versions/A/MediaKit
0x0000000009135000 	/System/Library/PrivateFrameworks/ProtectedCloudStorage.framework/Versions/A/ProtectedCloudStorage
0x0000000009135000 	/usr/lib/libCoreStorage.dylib
0x0000000009135000 	/System/Library/PrivateFrameworks/EFILogin.framework/Versions/A/EFILogin
0x0000000009135000 	/usr/lib/libutil.dylib
0x0000000009135000 	/System/Library/PrivateFrameworks/FindMyDevice.framework/Versions/A/FindMyDevice
0x0000000009135000 	/System/Library/Frameworks/LDAP.framework/Versions/A/LDAP
0x0000000009135000 	/usr/lib/libsasl2.2.dylib
0x0000000009135000 	/System/Library/PrivateFrameworks/CoreDaemon.framework/Versions/B/CoreDaemon
0x0000000009135000 	/usr/lib/libcrypto.0.9.8.dylib
0x0000000009135000 	/System/Library/PrivateFrameworks/AppleSRP.framework/Versions/A/AppleSRP
0x0000000009135000 	/System/Library/PrivateFrameworks/TrustEvaluationAgent.framework/Versions/A/TrustEvaluationAgent
0x0000000125cc9000 	cl_kernels
0x0000000009135000 	/System/Library/Frameworks/OpenCL.framework/Versions/A/Libraries/ImageFormats/unorm8_bgra.dylib
0x0000000009135000 	/System/Library/Frameworks/OpenCL.framework/Versions/A/Libraries/ImageFormats/unorm8_rgba.dylib
0x0000000009135000 	/System/Library/PrivateFrameworks/FamilyControls.framework/Versions/A/FamilyControls
0x0000000009135000 	/System/Library/PrivateFrameworks/CommerceKit.framework/Versions/A/Frameworks/CommerceCore.framework/Versions/A/CommerceCore
0x0000000009135000 	/System/Library/PrivateFrameworks/SystemAdministration.framework/Versions/A/SystemAdministration
0x0000000009135000 	/System/Library/PrivateFrameworks/AppContainer.framework/Versions/A/AppContainer
0x0000000009135000 	/System/Library/PrivateFrameworks/SecCodeWrapper.framework/Versions/A/SecCodeWrapper
0x0000000009135000 	/System/Library/Frameworks/DirectoryService.framework/Versions/A/DirectoryService
0x0000000009135000 	/System/Library/PrivateFrameworks/LoginUIKit.framework/Versions/A/Frameworks/LoginUICore.framework/Versions/A/LoginUICore
0x0000000009135000 	/usr/lib/libodfde.dylib
0x0000000009135000 	/System/Library/Frameworks/OpenGL.framework/Versions/A/Resources/GLEngine.bundle/GLEngine
0x0000000009135000 	/System/Library/Frameworks/OpenGL.framework/Versions/A/Libraries/libGLProgrammability.dylib
0x0000000126d7e000 	/System/Library/Extensions/GeForceTeslaGLDriver.bundle/Contents/MacOS/GeForceTeslaGLDriver
0x000000012893e000 	/System/Library/Extensions/GeForceTeslaGLDriver.bundle/Contents/MacOS/libclh.dylib
0x0000000009135000 	/System/Library/PrivateFrameworks/GPUSupport.framework/Versions/A/Libraries/libGPUSupport.dylib
0x0000000009135000 	/System/Library/Frameworks/OpenGL.framework/Versions/A/Resources/GLRendererFloat.bundle/GLRendererFloat
0x0000000129bb2000 	/Library/Java/JavaVirtualMachines/jdk1.8.0_65.jdk/Contents/Home/jre/lib/libfontmanager.dylib
0x000000012b053000 	/Library/Java/JavaVirtualMachines/jdk1.8.0_65.jdk/Contents/Home/jre/lib/libosxui.dylib
0x000000012bd6a000 	/Library/Java/JavaVirtualMachines/jdk1.8.0_65.jdk/Contents/Home/jre/lib/libnet.dylib
0x000000012bd81000 	/Library/Java/JavaVirtualMachines/jdk1.8.0_65.jdk/Contents/Home/jre/lib/libnio.dylib
0x0000000009135000 	/System/Library/Frameworks/ApplicationServices.framework/Versions/A/Frameworks/ATS.framework/Versions/A/Resources/libTrueTypeScaler.dylib
0x0000000125275000 	/private/var/folders/hv/42cns_pd3rngtnlglvbsk1kh0000gn/T/jogamp_0000/file_cache/jln958967168680396502/jln1964175476261161937/libgluegen-rt.jnilib
0x000000012527a000 	/private/var/folders/hv/42cns_pd3rngtnlglvbsk1kh0000gn/T/jogamp_0000/file_cache/jln958967168680396502/jln1964175476261161937/libnativewindow_awt.jnilib
0x000000012527d000 	/Library/Java/JavaVirtualMachines/jdk1.8.0_65.jdk/Contents/Home/jre/lib/libjawt.dylib
0x0000000125280000 	/private/var/folders/hv/42cns_pd3rngtnlglvbsk1kh0000gn/T/jogamp_0000/file_cache/jln958967168680396502/jln1964175476261161937/libnativewindow_macosx.jnilib
0x0000000186d0d000 	/private/var/folders/hv/42cns_pd3rngtnlglvbsk1kh0000gn/T/jogamp_0000/file_cache/jln958967168680396502/jln1964175476261161937/libjogl_desktop.jnilib
0x0000000189fda000 	/Library/Java/JavaVirtualMachines/jdk1.8.0_65.jdk/Contents/Home/jre/lib/libt2k.dylib

VM Arguments:
jvm_args: -Djava.security.policy=java.policy.applet -Dfile.encoding=UTF-8 
java_command: sun.applet.AppletViewer module3.EarthquakeCityMap1451263101653.html
java_class_path (initial): /Users/jcast623/Documents/workspace/UCSDUnfoldingMaps/build:/Users/jcast623/Documents/workspace/UCSDUnfoldingMaps/lib/core.jar:/Users/jcast623/Documents/workspace/UCSDUnfoldingMaps/lib/gluegen-rt.jar:/Users/jcast623/Documents/workspace/UCSDUnfoldingMaps/lib/jogl-all.jar:/Users/jcast623/Documents/workspace/UCSDUnfoldingMaps/lib/log4j-1.2.15.jar:/Users/jcast623/Documents/workspace/UCSDUnfoldingMaps/lib/sqlite-jdbc-3.7.2.jar:/Users/jcast623/Documents/workspace/UCSDUnfoldingMaps/lib/json4processing.jar:/Users/jcast623/Documents/workspace/UCSDUnfoldingMaps/lib/libTUIO.jar:/Users/jcast623/Documents/workspace/UCSDUnfoldingMaps/lib/unfolding.0.9.7-uscd.jar
Launcher Type: SUN_STANDARD

Environment Variables:
PATH=/usr/bin:/bin:/usr/sbin:/sbin
SHELL=/bin/bash

Signal Handlers:
SIGSEGV: [libjvm.dylib+0x5a6d31], sa_mask[0]=11111111011111110111111111111111, sa_flags=SA_ONSTACK|SA_RESTART|SA_SIGINFO
SIGBUS: [libjvm.dylib+0x5a6d31], sa_mask[0]=11111111011111110111111111111111, sa_flags=SA_RESTART|SA_SIGINFO
SIGFPE: [libjvm.dylib+0x480a40], sa_mask[0]=11111111011111110111111111111111, sa_flags=SA_RESTART|SA_SIGINFO
SIGPIPE: [libjvm.dylib+0x480a40], sa_mask[0]=11111111011111110111111111111111, sa_flags=SA_RESTART|SA_SIGINFO
SIGXFSZ: [libjvm.dylib+0x480a40], sa_mask[0]=11111111011111110111111111111111, sa_flags=SA_RESTART|SA_SIGINFO
SIGILL: [libjvm.dylib+0x480a40], sa_mask[0]=11111111011111110111111111111111, sa_flags=SA_RESTART|SA_SIGINFO
SIGUSR1: SIG_DFL, sa_mask[0]=00000000000000000000000000000000, sa_flags=none
SIGUSR2: [libjvm.dylib+0x48055e], sa_mask[0]=00100000000000000000000000000000, sa_flags=SA_RESTART|SA_SIGINFO
SIGHUP: [libjvm.dylib+0x47eb35], sa_mask[0]=11111111011111110111111111111111, sa_flags=SA_RESTART|SA_SIGINFO
SIGINT: [libjvm.dylib+0x47eb35], sa_mask[0]=11111111011111110111111111111111, sa_flags=SA_RESTART|SA_SIGINFO
SIGTERM: [libjvm.dylib+0x47eb35], sa_mask[0]=11111111011111110111111111111111, sa_flags=SA_RESTART|SA_SIGINFO
SIGQUIT: [libjvm.dylib+0x47eb35], sa_mask[0]=11111111011111110111111111111111, sa_flags=SA_RESTART|SA_SIGINFO


---------------  S Y S T E M  ---------------

OS:Bsduname:Darwin 15.2.0 Darwin Kernel Version 15.2.0: Fri Nov 13 19:56:56 PST 2015; root:xnu-3248.20.55~2/RELEASE_X86_64 x86_64
rlimit: STACK 8192k, CORE 0k, NPROC 709, NOFILE 10240, AS infinity
load average:2.36 2.12 2.19

CPU:total 2 (2 cores per cpu, 1 threads per core) family 6 model 23 stepping 10, cmov, cx8, fxsr, mmx, sse, sse2, sse3, ssse3, sse4.1, tsc

Memory: 4k page, physical 8388608k(578504k free)

/proc/meminfo:


vm_info: Java HotSpot(TM) 64-Bit Server VM (25.65-b01) for bsd-amd64 JRE (1.8.0_65-b17), built on Oct  6 2015 15:36:46 by "java_re" with gcc 4.2.1 (Based on Apple Inc. build 5658) (LLVM build 2336.11.00)

time: Sun Dec 27 19:38:34 2015
elapsed time: 12 seconds (0d 0h 0m 12s)

